[2.626s] Invoking command in '/home/fishros/chapt7/chapt7_ws/src/autopatrol_robot': PYTHONPATH=/home/fishros/chapt7/chapt7_ws/src/build/autopatrol_robot/prefix_override:/usr/lib/python3/dist-packages/colcon_core/task/python/colcon_distutils_commands:/home/fishros/chapt7/chapt7_ws/src/install/autopatrol_robot/lib/python3.10/site-packages:${PYTHONPATH} /usr/bin/python3 -W ignore:setup.py install is deprecated -W ignore:easy_install command is deprecated setup.py egg_info --egg-base ../build/autopatrol_robot build --build-base /home/fishros/chapt7/chapt7_ws/src/build/autopatrol_robot/build install --record /home/fishros/chapt7/chapt7_ws/src/build/autopatrol_robot/install.log --single-version-externally-managed install_data
[3.307s] running egg_info
[3.309s] writing ../build/autopatrol_robot/autopatrol_robot.egg-info/PKG-INFO
[3.312s] writing dependency_links to ../build/autopatrol_robot/autopatrol_robot.egg-info/dependency_links.txt
[3.314s] writing entry points to ../build/autopatrol_robot/autopatrol_robot.egg-info/entry_points.txt
[3.315s] writing requirements to ../build/autopatrol_robot/autopatrol_robot.egg-info/requires.txt
[3.319s] writing top-level names to ../build/autopatrol_robot/autopatrol_robot.egg-info/top_level.txt
[3.330s] reading manifest file '../build/autopatrol_robot/autopatrol_robot.egg-info/SOURCES.txt'
[3.335s] writing manifest file '../build/autopatrol_robot/autopatrol_robot.egg-info/SOURCES.txt'
[3.336s] running build
[3.339s] running build_py
[3.343s] copying autopatrol_robot/patrol_node.py -> /home/fishros/chapt7/chapt7_ws/src/build/autopatrol_robot/build/lib/autopatrol_robot
[3.345s] copying autopatrol_robot/speaker.py -> /home/fishros/chapt7/chapt7_ws/src/build/autopatrol_robot/build/lib/autopatrol_robot
[3.348s] running install
[3.348s] running install_lib
[3.352s] copying /home/fishros/chapt7/chapt7_ws/src/build/autopatrol_robot/build/lib/autopatrol_robot/patrol_node.py -> /home/fishros/chapt7/chapt7_ws/src/install/autopatrol_robot/lib/python3.10/site-packages/autopatrol_robot
[3.353s] copying /home/fishros/chapt7/chapt7_ws/src/build/autopatrol_robot/build/lib/autopatrol_robot/speaker.py -> /home/fishros/chapt7/chapt7_ws/src/install/autopatrol_robot/lib/python3.10/site-packages/autopatrol_robot
[3.355s] byte-compiling /home/fishros/chapt7/chapt7_ws/src/install/autopatrol_robot/lib/python3.10/site-packages/autopatrol_robot/patrol_node.py to patrol_node.cpython-310.pyc
[3.359s] byte-compiling /home/fishros/chapt7/chapt7_ws/src/install/autopatrol_robot/lib/python3.10/site-packages/autopatrol_robot/speaker.py to speaker.cpython-310.pyc
[3.360s] running install_data
[3.364s] creating /home/fishros/chapt7/chapt7_ws/src/install/autopatrol_robot/share/autopatrol_robot/launch
[3.364s] running install_egg_info
[3.370s] removing '/home/fishros/chapt7/chapt7_ws/src/install/autopatrol_robot/lib/python3.10/site-packages/autopatrol_robot-0.0.0-py3.10.egg-info' (and everything under it)
[3.370s] Copying ../build/autopatrol_robot/autopatrol_robot.egg-info to /home/fishros/chapt7/chapt7_ws/src/install/autopatrol_robot/lib/python3.10/site-packages/autopatrol_robot-0.0.0-py3.10.egg-info
[3.372s] running install_scripts
[3.431s] Installing patrol_node=autopatrol_robot.patrol_node:mainspeaker_node script to /home/fishros/chapt7/chapt7_ws/src/install/autopatrol_robot/lib/autopatrol_robot
[3.434s] writing list of installed files to '/home/fishros/chapt7/chapt7_ws/src/build/autopatrol_robot/install.log'
[3.543s] Invoked command in '/home/fishros/chapt7/chapt7_ws/src/autopatrol_robot' returned '0': PYTHONPATH=/home/fishros/chapt7/chapt7_ws/src/build/autopatrol_robot/prefix_override:/usr/lib/python3/dist-packages/colcon_core/task/python/colcon_distutils_commands:/home/fishros/chapt7/chapt7_ws/src/install/autopatrol_robot/lib/python3.10/site-packages:${PYTHONPATH} /usr/bin/python3 -W ignore:setup.py install is deprecated -W ignore:easy_install command is deprecated setup.py egg_info --egg-base ../build/autopatrol_robot build --build-base /home/fishros/chapt7/chapt7_ws/src/build/autopatrol_robot/build install --record /home/fishros/chapt7/chapt7_ws/src/build/autopatrol_robot/install.log --single-version-externally-managed install_data
