[0.026s] Invoking command in '/home/fishros/chapt7/chapt7_ws/src/build/autopatrol_interfaces': CMAKE_PREFIX_PATH=/opt/ros/humble /usr/bin/cmake /home/fishros/chapt7/chapt7_ws/src/autopatrol_interfaces -DCMAKE_INSTALL_PREFIX=/home/fishros/chapt7/chapt7_ws/src/install/autopatrol_interfaces
[0.431s] -- The C compiler identification is GNU 11.4.0
[0.737s] -- The CXX compiler identification is GNU 11.4.0
[0.773s] -- Detecting C compiler ABI info
[0.988s] -- Detecting C compiler ABI info - done
[1.011s] -- Check for working C compiler: /usr/bin/cc - skipped
[1.014s] -- Detecting C compile features
[1.024s] -- Detecting C compile features - done
[1.035s] -- Detecting CXX compiler ABI info
[1.292s] -- Detecting CXX compiler ABI info - done
[1.316s] -- Check for working CXX compiler: /usr/bin/c++ - skipped
[1.319s] -- Detecting CXX compile features
[1.319s] -- Detecting CXX compile features - done
[1.342s] -- Found ament_cmake: 1.3.11 (/opt/ros/humble/share/ament_cmake/cmake)
[1.831s] -- Found Python3: /usr/bin/python3 (found version "3.10.12") found components: Interpreter 
[2.113s] -- Found rosidl_default_generators: 1.2.0 (/opt/ros/humble/share/rosidl_default_generators/cmake)
[2.127s] -- Using all available rosidl_typesupport_c: rosidl_typesupport_fastrtps_c;rosidl_typesupport_introspection_c
[2.143s] -- Found rosidl_adapter: 3.1.6 (/opt/ros/humble/share/rosidl_adapter/cmake)
[2.319s] -- Using all available rosidl_typesupport_cpp: rosidl_typesupport_fastrtps_cpp;rosidl_typesupport_introspection_cpp
[3.224s] -- Found ament_cmake_ros: 0.10.0 (/opt/ros/humble/share/ament_cmake_ros/cmake)
[3.706s] -- Using all available rosidl_typesupport_c: rosidl_typesupport_fastrtps_c;rosidl_typesupport_introspection_c
[4.323s] -- Using all available rosidl_typesupport_cpp: rosidl_typesupport_fastrtps_cpp;rosidl_typesupport_introspection_cpp
[4.385s] -- Found PythonInterp: /usr/bin/python3 (found suitable version "3.10.12", minimum required is "3.6") 
[4.392s] -- Found python_cmake_module: 0.10.0 (/opt/ros/humble/share/python_cmake_module/cmake)
[4.454s] -- Found PythonLibs: /usr/lib/x86_64-linux-gnu/libpython3.10.so (found suitable version "3.10.12", minimum required is "3.5") 
[4.454s] -- Using PYTHON_EXECUTABLE: /usr/bin/python3
[4.454s] -- Using PYTHON_INCLUDE_DIRS: /usr/include/python3.10
[4.454s] -- Using PYTHON_LIBRARIES: /usr/lib/x86_64-linux-gnu/libpython3.10.so
[4.510s] -- Found PythonExtra: .so  
[4.572s] -- Found ament_lint_auto: 0.12.12 (/opt/ros/humble/share/ament_lint_auto/cmake)
[4.663s] -- Added test 'lint_cmake' to check CMake code style
[4.677s] -- Added test 'xmllint' to check XML markup files
[4.680s] -- Configuring done
[4.748s] -- Generating done
[4.803s] -- Build files have been written to: /home/fishros/chapt7/chapt7_ws/src/build/autopatrol_interfaces
[4.808s] Invoked command in '/home/fishros/chapt7/chapt7_ws/src/build/autopatrol_interfaces' returned '0': CMAKE_PREFIX_PATH=/opt/ros/humble /usr/bin/cmake /home/fishros/chapt7/chapt7_ws/src/autopatrol_interfaces -DCMAKE_INSTALL_PREFIX=/home/fishros/chapt7/chapt7_ws/src/install/autopatrol_interfaces
[4.811s] Invoking command in '/home/fishros/chapt7/chapt7_ws/src/build/autopatrol_interfaces': CMAKE_PREFIX_PATH=/opt/ros/humble /usr/bin/cmake --build /home/fishros/chapt7/chapt7_ws/src/build/autopatrol_interfaces -- -j1 -l1
[4.951s] [  3%] [34m[1mGenerating C++ code for ROS interfaces[0m
[5.891s] [  3%] Built target autopatrol_interfaces__cpp
[5.916s] [  6%] [34m[1mGenerating C++ type support dispatch for ROS interfaces[0m
[6.670s] [  9%] [32mBuilding CXX object CMakeFiles/autopatrol_interfaces__rosidl_typesupport_cpp.dir/rosidl_typesupport_cpp/autopatrol_interfaces/srv/speach_text__type_support.cpp.o[0m
[7.699s] [ 12%] [32m[1mLinking CXX shared library libautopatrol_interfaces__rosidl_typesupport_cpp.so[0m
[7.864s] [ 12%] Built target autopatrol_interfaces__rosidl_typesupport_cpp
[7.896s] [ 16%] [34m[1mGenerating C code for ROS interfaces[0m
[8.962s] [ 19%] [32mBuilding C object CMakeFiles/autopatrol_interfaces__rosidl_generator_c.dir/rosidl_generator_c/autopatrol_interfaces/srv/detail/speach_text__functions.c.o[0m
[9.153s] [ 22%] [32m[1mLinking C shared library libautopatrol_interfaces__rosidl_generator_c.so[0m
[9.245s] [ 22%] Built target autopatrol_interfaces__rosidl_generator_c
[9.267s] [ 25%] [34m[1mGenerating C type support for eProsima Fast-RTPS[0m
[10.433s] [ 29%] [32mBuilding CXX object CMakeFiles/autopatrol_interfaces__rosidl_typesupport_fastrtps_c.dir/rosidl_typesupport_fastrtps_c/autopatrol_interfaces/srv/detail/speach_text__type_support_c.cpp.o[0m
[11.479s] [ 32%] [32m[1mLinking CXX shared library libautopatrol_interfaces__rosidl_typesupport_fastrtps_c.so[0m
[11.961s] [ 32%] Built target autopatrol_interfaces__rosidl_typesupport_fastrtps_c
[11.991s] [ 35%] [34m[1mGenerating C introspection for ROS interfaces[0m
[13.110s] [ 38%] [32mBuilding C object CMakeFiles/autopatrol_interfaces__rosidl_typesupport_introspection_c.dir/rosidl_typesupport_introspection_c/autopatrol_interfaces/srv/detail/speach_text__type_support.c.o[0m
[13.259s] [ 41%] [32m[1mLinking C shared library libautopatrol_interfaces__rosidl_typesupport_introspection_c.so[0m
[13.394s] [ 41%] Built target autopatrol_interfaces__rosidl_typesupport_introspection_c
[13.424s] [ 45%] [34m[1mGenerating C type support dispatch for ROS interfaces[0m
[14.356s] [ 48%] [32mBuilding CXX object CMakeFiles/autopatrol_interfaces__rosidl_typesupport_c.dir/rosidl_typesupport_c/autopatrol_interfaces/srv/speach_text__type_support.cpp.o[0m
[14.479s] [ 51%] [32m[1mLinking CXX shared library libautopatrol_interfaces__rosidl_typesupport_c.so[0m
[14.602s] [ 51%] Built target autopatrol_interfaces__rosidl_typesupport_c
[14.649s] [ 54%] [34m[1mGenerating C++ type support for eProsima Fast-RTPS[0m
[15.641s] [ 58%] [32mBuilding CXX object CMakeFiles/autopatrol_interfaces__rosidl_typesupport_fastrtps_cpp.dir/rosidl_typesupport_fastrtps_cpp/autopatrol_interfaces/srv/detail/dds_fastrtps/speach_text__type_support.cpp.o[0m
[16.948s] [ 61%] [32m[1mLinking CXX shared library libautopatrol_interfaces__rosidl_typesupport_fastrtps_cpp.so[0m
[17.263s] [ 61%] Built target autopatrol_interfaces__rosidl_typesupport_fastrtps_cpp
[17.289s] [ 64%] [34m[1mGenerating C++ introspection for ROS interfaces[0m
[18.306s] [ 67%] [32mBuilding CXX object CMakeFiles/autopatrol_interfaces__rosidl_typesupport_introspection_cpp.dir/rosidl_typesupport_introspection_cpp/autopatrol_interfaces/srv/detail/speach_text__type_support.cpp.o[0m
[19.494s] [ 70%] [32m[1mLinking CXX shared library libautopatrol_interfaces__rosidl_typesupport_introspection_cpp.so[0m
[19.861s] [ 70%] Built target autopatrol_interfaces__rosidl_typesupport_introspection_cpp
[19.941s] [ 70%] Built target autopatrol_interfaces
[20.062s] [ 70%] Built target ament_cmake_python_copy_autopatrol_interfaces
[21.277s] running egg_info
[21.277s] creating autopatrol_interfaces.egg-info
[21.277s] writing autopatrol_interfaces.egg-info/PKG-INFO
[21.278s] writing dependency_links to autopatrol_interfaces.egg-info/dependency_links.txt
[21.278s] writing top-level names to autopatrol_interfaces.egg-info/top_level.txt
[21.278s] writing manifest file 'autopatrol_interfaces.egg-info/SOURCES.txt'
[21.289s] reading manifest file 'autopatrol_interfaces.egg-info/SOURCES.txt'
[21.307s] writing manifest file 'autopatrol_interfaces.egg-info/SOURCES.txt'
[21.456s] [ 70%] Built target ament_cmake_python_build_autopatrol_interfaces_egg
[21.523s] [ 74%] [34m[1mGenerating Python code for ROS interfaces[0m
[22.946s] [ 74%] Built target autopatrol_interfaces__py
[23.018s] [ 77%] [32mBuilding C object CMakeFiles/autopatrol_interfaces__rosidl_generator_py.dir/rosidl_generator_py/autopatrol_interfaces/srv/_speach_text_s.c.o[0m
[23.458s] [ 80%] [32m[1mLinking C shared library rosidl_generator_py/autopatrol_interfaces/libautopatrol_interfaces__rosidl_generator_py.so[0m
[23.599s] [ 80%] Built target autopatrol_interfaces__rosidl_generator_py
[23.679s] [ 83%] [32mBuilding C object CMakeFiles/autopatrol_interfaces__rosidl_typesupport_fastrtps_c__pyext.dir/rosidl_generator_py/autopatrol_interfaces/_autopatrol_interfaces_s.ep.rosidl_typesupport_fastrtps_c.c.o[0m
[24.013s] [ 87%] [32m[1mLinking C shared library rosidl_generator_py/autopatrol_interfaces/autopatrol_interfaces_s__rosidl_typesupport_fastrtps_c.cpython-310-x86_64-linux-gnu.so[0m
[24.128s] [ 87%] Built target autopatrol_interfaces__rosidl_typesupport_fastrtps_c__pyext
[24.199s] [ 90%] [32mBuilding C object CMakeFiles/autopatrol_interfaces__rosidl_typesupport_introspection_c__pyext.dir/rosidl_generator_py/autopatrol_interfaces/_autopatrol_interfaces_s.ep.rosidl_typesupport_introspection_c.c.o[0m
[24.516s] [ 93%] [32m[1mLinking C shared library rosidl_generator_py/autopatrol_interfaces/autopatrol_interfaces_s__rosidl_typesupport_introspection_c.cpython-310-x86_64-linux-gnu.so[0m
[24.624s] [ 93%] Built target autopatrol_interfaces__rosidl_typesupport_introspection_c__pyext
[24.680s] [ 96%] [32mBuilding C object CMakeFiles/autopatrol_interfaces__rosidl_typesupport_c__pyext.dir/rosidl_generator_py/autopatrol_interfaces/_autopatrol_interfaces_s.ep.rosidl_typesupport_c.c.o[0m
[24.963s] [100%] [32m[1mLinking C shared library rosidl_generator_py/autopatrol_interfaces/autopatrol_interfaces_s__rosidl_typesupport_c.cpython-310-x86_64-linux-gnu.so[0m
[25.106s] [100%] Built target autopatrol_interfaces__rosidl_typesupport_c__pyext
[25.169s] Invoked command in '/home/fishros/chapt7/chapt7_ws/src/build/autopatrol_interfaces' returned '0': CMAKE_PREFIX_PATH=/opt/ros/humble /usr/bin/cmake --build /home/fishros/chapt7/chapt7_ws/src/build/autopatrol_interfaces -- -j1 -l1
[25.181s] Invoking command in '/home/fishros/chapt7/chapt7_ws/src/build/autopatrol_interfaces': CMAKE_PREFIX_PATH=/opt/ros/humble /usr/bin/cmake --install /home/fishros/chapt7/chapt7_ws/src/build/autopatrol_interfaces
[25.243s] -- Install configuration: ""
[25.243s] -- Installing: /home/fishros/chapt7/chapt7_ws/src/install/autopatrol_interfaces/share/ament_index/resource_index/rosidl_interfaces/autopatrol_interfaces
[25.243s] -- Installing: /home/fishros/chapt7/chapt7_ws/src/install/autopatrol_interfaces/include/autopatrol_interfaces/autopatrol_interfaces
[25.243s] -- Installing: /home/fishros/chapt7/chapt7_ws/src/install/autopatrol_interfaces/include/autopatrol_interfaces/autopatrol_interfaces/srv
[25.243s] -- Installing: /home/fishros/chapt7/chapt7_ws/src/install/autopatrol_interfaces/include/autopatrol_interfaces/autopatrol_interfaces/srv/speach_text.h
[25.243s] -- Installing: /home/fishros/chapt7/chapt7_ws/src/install/autopatrol_interfaces/include/autopatrol_interfaces/autopatrol_interfaces/srv/detail
[25.243s] -- Installing: /home/fishros/chapt7/chapt7_ws/src/install/autopatrol_interfaces/include/autopatrol_interfaces/autopatrol_interfaces/srv/detail/speach_text__functions.c
[25.243s] -- Installing: /home/fishros/chapt7/chapt7_ws/src/install/autopatrol_interfaces/include/autopatrol_interfaces/autopatrol_interfaces/srv/detail/speach_text__type_support.h
[25.243s] -- Installing: /home/fishros/chapt7/chapt7_ws/src/install/autopatrol_interfaces/include/autopatrol_interfaces/autopatrol_interfaces/srv/detail/speach_text__functions.h
[25.243s] -- Installing: /home/fishros/chapt7/chapt7_ws/src/install/autopatrol_interfaces/include/autopatrol_interfaces/autopatrol_interfaces/srv/detail/speach_text__struct.h
[25.244s] -- Installing: /home/fishros/chapt7/chapt7_ws/src/install/autopatrol_interfaces/include/autopatrol_interfaces/autopatrol_interfaces/msg
[25.244s] -- Installing: /home/fishros/chapt7/chapt7_ws/src/install/autopatrol_interfaces/include/autopatrol_interfaces/autopatrol_interfaces/msg/rosidl_generator_c__visibility_control.h
[25.244s] -- Installing: /home/fishros/chapt7/chapt7_ws/src/install/autopatrol_interfaces/share/autopatrol_interfaces/environment/library_path.sh
[25.244s] -- Installing: /home/fishros/chapt7/chapt7_ws/src/install/autopatrol_interfaces/share/autopatrol_interfaces/environment/library_path.dsv
[25.244s] -- Installing: /home/fishros/chapt7/chapt7_ws/src/install/autopatrol_interfaces/lib/libautopatrol_interfaces__rosidl_generator_c.so
[25.244s] -- Set runtime path of "/home/fishros/chapt7/chapt7_ws/src/install/autopatrol_interfaces/lib/libautopatrol_interfaces__rosidl_generator_c.so" to ""
[25.244s] -- Up-to-date: /home/fishros/chapt7/chapt7_ws/src/install/autopatrol_interfaces/include/autopatrol_interfaces/autopatrol_interfaces
[25.244s] -- Up-to-date: /home/fishros/chapt7/chapt7_ws/src/install/autopatrol_interfaces/include/autopatrol_interfaces/autopatrol_interfaces/srv
[25.244s] -- Up-to-date: /home/fishros/chapt7/chapt7_ws/src/install/autopatrol_interfaces/include/autopatrol_interfaces/autopatrol_interfaces/srv/detail
[25.244s] -- Installing: /home/fishros/chapt7/chapt7_ws/src/install/autopatrol_interfaces/include/autopatrol_interfaces/autopatrol_interfaces/srv/detail/speach_text__rosidl_typesupport_fastrtps_c.h
[25.244s] -- Up-to-date: /home/fishros/chapt7/chapt7_ws/src/install/autopatrol_interfaces/include/autopatrol_interfaces/autopatrol_interfaces/msg
[25.244s] -- Installing: /home/fishros/chapt7/chapt7_ws/src/install/autopatrol_interfaces/include/autopatrol_interfaces/autopatrol_interfaces/msg/rosidl_typesupport_fastrtps_c__visibility_control.h
[25.244s] -- Installing: /home/fishros/chapt7/chapt7_ws/src/install/autopatrol_interfaces/lib/libautopatrol_interfaces__rosidl_typesupport_fastrtps_c.so
[25.244s] -- Set runtime path of "/home/fishros/chapt7/chapt7_ws/src/install/autopatrol_interfaces/lib/libautopatrol_interfaces__rosidl_typesupport_fastrtps_c.so" to ""
[25.244s] -- Up-to-date: /home/fishros/chapt7/chapt7_ws/src/install/autopatrol_interfaces/include/autopatrol_interfaces/autopatrol_interfaces
[25.244s] -- Up-to-date: /home/fishros/chapt7/chapt7_ws/src/install/autopatrol_interfaces/include/autopatrol_interfaces/autopatrol_interfaces/srv
[25.244s] -- Up-to-date: /home/fishros/chapt7/chapt7_ws/src/install/autopatrol_interfaces/include/autopatrol_interfaces/autopatrol_interfaces/srv/detail
[25.246s] -- Installing: /home/fishros/chapt7/chapt7_ws/src/install/autopatrol_interfaces/include/autopatrol_interfaces/autopatrol_interfaces/srv/detail/speach_text__rosidl_typesupport_introspection_c.h
[25.246s] -- Installing: /home/fishros/chapt7/chapt7_ws/src/install/autopatrol_interfaces/include/autopatrol_interfaces/autopatrol_interfaces/srv/detail/speach_text__type_support.c
[25.246s] -- Up-to-date: /home/fishros/chapt7/chapt7_ws/src/install/autopatrol_interfaces/include/autopatrol_interfaces/autopatrol_interfaces/msg
[25.246s] -- Installing: /home/fishros/chapt7/chapt7_ws/src/install/autopatrol_interfaces/include/autopatrol_interfaces/autopatrol_interfaces/msg/rosidl_typesupport_introspection_c__visibility_control.h
[25.246s] -- Installing: /home/fishros/chapt7/chapt7_ws/src/install/autopatrol_interfaces/lib/libautopatrol_interfaces__rosidl_typesupport_introspection_c.so
[25.246s] -- Set runtime path of "/home/fishros/chapt7/chapt7_ws/src/install/autopatrol_interfaces/lib/libautopatrol_interfaces__rosidl_typesupport_introspection_c.so" to ""
[25.246s] -- Installing: /home/fishros/chapt7/chapt7_ws/src/install/autopatrol_interfaces/lib/libautopatrol_interfaces__rosidl_typesupport_c.so
[25.246s] -- Set runtime path of "/home/fishros/chapt7/chapt7_ws/src/install/autopatrol_interfaces/lib/libautopatrol_interfaces__rosidl_typesupport_c.so" to ""
[25.246s] -- Up-to-date: /home/fishros/chapt7/chapt7_ws/src/install/autopatrol_interfaces/include/autopatrol_interfaces/autopatrol_interfaces
[25.246s] -- Up-to-date: /home/fishros/chapt7/chapt7_ws/src/install/autopatrol_interfaces/include/autopatrol_interfaces/autopatrol_interfaces/srv
[25.246s] -- Installing: /home/fishros/chapt7/chapt7_ws/src/install/autopatrol_interfaces/include/autopatrol_interfaces/autopatrol_interfaces/srv/speach_text.hpp
[25.246s] -- Up-to-date: /home/fishros/chapt7/chapt7_ws/src/install/autopatrol_interfaces/include/autopatrol_interfaces/autopatrol_interfaces/srv/detail
[25.246s] -- Installing: /home/fishros/chapt7/chapt7_ws/src/install/autopatrol_interfaces/include/autopatrol_interfaces/autopatrol_interfaces/srv/detail/speach_text__builder.hpp
[25.247s] -- Installing: /home/fishros/chapt7/chapt7_ws/src/install/autopatrol_interfaces/include/autopatrol_interfaces/autopatrol_interfaces/srv/detail/speach_text__traits.hpp
[25.247s] -- Installing: /home/fishros/chapt7/chapt7_ws/src/install/autopatrol_interfaces/include/autopatrol_interfaces/autopatrol_interfaces/srv/detail/speach_text__struct.hpp
[25.247s] -- Installing: /home/fishros/chapt7/chapt7_ws/src/install/autopatrol_interfaces/include/autopatrol_interfaces/autopatrol_interfaces/srv/detail/speach_text__type_support.hpp
[25.247s] -- Up-to-date: /home/fishros/chapt7/chapt7_ws/src/install/autopatrol_interfaces/include/autopatrol_interfaces/autopatrol_interfaces/msg
[25.247s] -- Installing: /home/fishros/chapt7/chapt7_ws/src/install/autopatrol_interfaces/include/autopatrol_interfaces/autopatrol_interfaces/msg/rosidl_generator_cpp__visibility_control.hpp
[25.247s] -- Up-to-date: /home/fishros/chapt7/chapt7_ws/src/install/autopatrol_interfaces/include/autopatrol_interfaces/autopatrol_interfaces
[25.247s] -- Up-to-date: /home/fishros/chapt7/chapt7_ws/src/install/autopatrol_interfaces/include/autopatrol_interfaces/autopatrol_interfaces/srv
[25.247s] -- Up-to-date: /home/fishros/chapt7/chapt7_ws/src/install/autopatrol_interfaces/include/autopatrol_interfaces/autopatrol_interfaces/srv/detail
[25.247s] -- Installing: /home/fishros/chapt7/chapt7_ws/src/install/autopatrol_interfaces/include/autopatrol_interfaces/autopatrol_interfaces/srv/detail/dds_fastrtps
[25.247s] -- Installing: /home/fishros/chapt7/chapt7_ws/src/install/autopatrol_interfaces/include/autopatrol_interfaces/autopatrol_interfaces/srv/detail/speach_text__rosidl_typesupport_fastrtps_cpp.hpp
[25.247s] -- Up-to-date: /home/fishros/chapt7/chapt7_ws/src/install/autopatrol_interfaces/include/autopatrol_interfaces/autopatrol_interfaces/msg
[25.247s] -- Installing: /home/fishros/chapt7/chapt7_ws/src/install/autopatrol_interfaces/include/autopatrol_interfaces/autopatrol_interfaces/msg/rosidl_typesupport_fastrtps_cpp__visibility_control.h
[25.247s] -- Installing: /home/fishros/chapt7/chapt7_ws/src/install/autopatrol_interfaces/lib/libautopatrol_interfaces__rosidl_typesupport_fastrtps_cpp.so
[25.247s] -- Set runtime path of "/home/fishros/chapt7/chapt7_ws/src/install/autopatrol_interfaces/lib/libautopatrol_interfaces__rosidl_typesupport_fastrtps_cpp.so" to ""
[25.247s] -- Up-to-date: /home/fishros/chapt7/chapt7_ws/src/install/autopatrol_interfaces/include/autopatrol_interfaces/autopatrol_interfaces
[25.247s] -- Up-to-date: /home/fishros/chapt7/chapt7_ws/src/install/autopatrol_interfaces/include/autopatrol_interfaces/autopatrol_interfaces/srv
[25.247s] -- Up-to-date: /home/fishros/chapt7/chapt7_ws/src/install/autopatrol_interfaces/include/autopatrol_interfaces/autopatrol_interfaces/srv/detail
[25.248s] -- Installing: /home/fishros/chapt7/chapt7_ws/src/install/autopatrol_interfaces/include/autopatrol_interfaces/autopatrol_interfaces/srv/detail/speach_text__rosidl_typesupport_introspection_cpp.hpp
[25.248s] -- Installing: /home/fishros/chapt7/chapt7_ws/src/install/autopatrol_interfaces/include/autopatrol_interfaces/autopatrol_interfaces/srv/detail/speach_text__type_support.cpp
[25.248s] -- Installing: /home/fishros/chapt7/chapt7_ws/src/install/autopatrol_interfaces/lib/libautopatrol_interfaces__rosidl_typesupport_introspection_cpp.so
[25.248s] -- Set runtime path of "/home/fishros/chapt7/chapt7_ws/src/install/autopatrol_interfaces/lib/libautopatrol_interfaces__rosidl_typesupport_introspection_cpp.so" to ""
[25.248s] -- Installing: /home/fishros/chapt7/chapt7_ws/src/install/autopatrol_interfaces/lib/libautopatrol_interfaces__rosidl_typesupport_cpp.so
[25.248s] -- Set runtime path of "/home/fishros/chapt7/chapt7_ws/src/install/autopatrol_interfaces/lib/libautopatrol_interfaces__rosidl_typesupport_cpp.so" to ""
[25.248s] -- Installing: /home/fishros/chapt7/chapt7_ws/src/install/autopatrol_interfaces/share/autopatrol_interfaces/environment/pythonpath.sh
[25.248s] -- Installing: /home/fishros/chapt7/chapt7_ws/src/install/autopatrol_interfaces/share/autopatrol_interfaces/environment/pythonpath.dsv
[25.248s] -- Installing: /home/fishros/chapt7/chapt7_ws/src/install/autopatrol_interfaces/local/lib/python3.10/dist-packages/autopatrol_interfaces-0.0.0-py3.10.egg-info
[25.248s] -- Installing: /home/fishros/chapt7/chapt7_ws/src/install/autopatrol_interfaces/local/lib/python3.10/dist-packages/autopatrol_interfaces-0.0.0-py3.10.egg-info/top_level.txt
[25.248s] -- Installing: /home/fishros/chapt7/chapt7_ws/src/install/autopatrol_interfaces/local/lib/python3.10/dist-packages/autopatrol_interfaces-0.0.0-py3.10.egg-info/dependency_links.txt
[25.248s] -- Installing: /home/fishros/chapt7/chapt7_ws/src/install/autopatrol_interfaces/local/lib/python3.10/dist-packages/autopatrol_interfaces-0.0.0-py3.10.egg-info/PKG-INFO
[25.248s] -- Installing: /home/fishros/chapt7/chapt7_ws/src/install/autopatrol_interfaces/local/lib/python3.10/dist-packages/autopatrol_interfaces-0.0.0-py3.10.egg-info/SOURCES.txt
[25.248s] -- Installing: /home/fishros/chapt7/chapt7_ws/src/install/autopatrol_interfaces/local/lib/python3.10/dist-packages/autopatrol_interfaces
[25.248s] -- Installing: /home/fishros/chapt7/chapt7_ws/src/install/autopatrol_interfaces/local/lib/python3.10/dist-packages/autopatrol_interfaces/_autopatrol_interfaces_s.ep.rosidl_typesupport_fastrtps_c.c
[25.248s] -- Installing: /home/fishros/chapt7/chapt7_ws/src/install/autopatrol_interfaces/local/lib/python3.10/dist-packages/autopatrol_interfaces/_autopatrol_interfaces_s.ep.rosidl_typesupport_c.c
[25.249s] -- Installing: /home/fishros/chapt7/chapt7_ws/src/install/autopatrol_interfaces/local/lib/python3.10/dist-packages/autopatrol_interfaces/autopatrol_interfaces_s__rosidl_typesupport_c.cpython-310-x86_64-linux-gnu.so
[25.249s] -- Installing: /home/fishros/chapt7/chapt7_ws/src/install/autopatrol_interfaces/local/lib/python3.10/dist-packages/autopatrol_interfaces/autopatrol_interfaces_s__rosidl_typesupport_introspection_c.cpython-310-x86_64-linux-gnu.so
[25.249s] -- Installing: /home/fishros/chapt7/chapt7_ws/src/install/autopatrol_interfaces/local/lib/python3.10/dist-packages/autopatrol_interfaces/__init__.py
[25.249s] -- Installing: /home/fishros/chapt7/chapt7_ws/src/install/autopatrol_interfaces/local/lib/python3.10/dist-packages/autopatrol_interfaces/libautopatrol_interfaces__rosidl_generator_py.so
[25.249s] -- Installing: /home/fishros/chapt7/chapt7_ws/src/install/autopatrol_interfaces/local/lib/python3.10/dist-packages/autopatrol_interfaces/autopatrol_interfaces_s__rosidl_typesupport_fastrtps_c.cpython-310-x86_64-linux-gnu.so
[25.249s] -- Installing: /home/fishros/chapt7/chapt7_ws/src/install/autopatrol_interfaces/local/lib/python3.10/dist-packages/autopatrol_interfaces/srv
[25.249s] -- Installing: /home/fishros/chapt7/chapt7_ws/src/install/autopatrol_interfaces/local/lib/python3.10/dist-packages/autopatrol_interfaces/srv/__init__.py
[25.249s] -- Installing: /home/fishros/chapt7/chapt7_ws/src/install/autopatrol_interfaces/local/lib/python3.10/dist-packages/autopatrol_interfaces/srv/_speach_text.py
[25.249s] -- Installing: /home/fishros/chapt7/chapt7_ws/src/install/autopatrol_interfaces/local/lib/python3.10/dist-packages/autopatrol_interfaces/srv/_speach_text_s.c
[25.249s] -- Installing: /home/fishros/chapt7/chapt7_ws/src/install/autopatrol_interfaces/local/lib/python3.10/dist-packages/autopatrol_interfaces/_autopatrol_interfaces_s.ep.rosidl_typesupport_introspection_c.c
[25.360s] Listing '/home/fishros/chapt7/chapt7_ws/src/install/autopatrol_interfaces/local/lib/python3.10/dist-packages/autopatrol_interfaces'...
[25.360s] Compiling '/home/fishros/chapt7/chapt7_ws/src/install/autopatrol_interfaces/local/lib/python3.10/dist-packages/autopatrol_interfaces/__init__.py'...
[25.360s] Listing '/home/fishros/chapt7/chapt7_ws/src/install/autopatrol_interfaces/local/lib/python3.10/dist-packages/autopatrol_interfaces/srv'...
[25.360s] Compiling '/home/fishros/chapt7/chapt7_ws/src/install/autopatrol_interfaces/local/lib/python3.10/dist-packages/autopatrol_interfaces/srv/__init__.py'...
[25.360s] Compiling '/home/fishros/chapt7/chapt7_ws/src/install/autopatrol_interfaces/local/lib/python3.10/dist-packages/autopatrol_interfaces/srv/_speach_text.py'...
[25.394s] -- Installing: /home/fishros/chapt7/chapt7_ws/src/install/autopatrol_interfaces/local/lib/python3.10/dist-packages/autopatrol_interfaces/autopatrol_interfaces_s__rosidl_typesupport_fastrtps_c.cpython-310-x86_64-linux-gnu.so
[25.394s] -- Set runtime path of "/home/fishros/chapt7/chapt7_ws/src/install/autopatrol_interfaces/local/lib/python3.10/dist-packages/autopatrol_interfaces/autopatrol_interfaces_s__rosidl_typesupport_fastrtps_c.cpython-310-x86_64-linux-gnu.so" to ""
[25.410s] -- Installing: /home/fishros/chapt7/chapt7_ws/src/install/autopatrol_interfaces/local/lib/python3.10/dist-packages/autopatrol_interfaces/autopatrol_interfaces_s__rosidl_typesupport_introspection_c.cpython-310-x86_64-linux-gnu.so
[25.410s] -- Set runtime path of "/home/fishros/chapt7/chapt7_ws/src/install/autopatrol_interfaces/local/lib/python3.10/dist-packages/autopatrol_interfaces/autopatrol_interfaces_s__rosidl_typesupport_introspection_c.cpython-310-x86_64-linux-gnu.so" to ""
[25.411s] -- Installing: /home/fishros/chapt7/chapt7_ws/src/install/autopatrol_interfaces/local/lib/python3.10/dist-packages/autopatrol_interfaces/autopatrol_interfaces_s__rosidl_typesupport_c.cpython-310-x86_64-linux-gnu.so
[25.411s] -- Set runtime path of "/home/fishros/chapt7/chapt7_ws/src/install/autopatrol_interfaces/local/lib/python3.10/dist-packages/autopatrol_interfaces/autopatrol_interfaces_s__rosidl_typesupport_c.cpython-310-x86_64-linux-gnu.so" to ""
[25.411s] -- Installing: /home/fishros/chapt7/chapt7_ws/src/install/autopatrol_interfaces/lib/libautopatrol_interfaces__rosidl_generator_py.so
[25.411s] -- Set runtime path of "/home/fishros/chapt7/chapt7_ws/src/install/autopatrol_interfaces/lib/libautopatrol_interfaces__rosidl_generator_py.so" to ""
[25.411s] -- Installing: /home/fishros/chapt7/chapt7_ws/src/install/autopatrol_interfaces/share/autopatrol_interfaces/srv/SpeachText.idl
[25.411s] -- Installing: /home/fishros/chapt7/chapt7_ws/src/install/autopatrol_interfaces/share/autopatrol_interfaces/srv/SpeachText.srv
[25.411s] -- Installing: /home/fishros/chapt7/chapt7_ws/src/install/autopatrol_interfaces/share/autopatrol_interfaces/srv/SpeachText_Request.msg
[25.411s] -- Installing: /home/fishros/chapt7/chapt7_ws/src/install/autopatrol_interfaces/share/autopatrol_interfaces/srv/SpeachText_Response.msg
[25.411s] -- Installing: /home/fishros/chapt7/chapt7_ws/src/install/autopatrol_interfaces/share/ament_index/resource_index/package_run_dependencies/autopatrol_interfaces
[25.411s] -- Installing: /home/fishros/chapt7/chapt7_ws/src/install/autopatrol_interfaces/share/ament_index/resource_index/parent_prefix_path/autopatrol_interfaces
[25.411s] -- Installing: /home/fishros/chapt7/chapt7_ws/src/install/autopatrol_interfaces/share/autopatrol_interfaces/environment/ament_prefix_path.sh
[25.411s] -- Installing: /home/fishros/chapt7/chapt7_ws/src/install/autopatrol_interfaces/share/autopatrol_interfaces/environment/ament_prefix_path.dsv
[25.411s] -- Installing: /home/fishros/chapt7/chapt7_ws/src/install/autopatrol_interfaces/share/autopatrol_interfaces/environment/path.sh
[25.411s] -- Installing: /home/fishros/chapt7/chapt7_ws/src/install/autopatrol_interfaces/share/autopatrol_interfaces/environment/path.dsv
[25.411s] -- Installing: /home/fishros/chapt7/chapt7_ws/src/install/autopatrol_interfaces/share/autopatrol_interfaces/local_setup.bash
[25.412s] -- Installing: /home/fishros/chapt7/chapt7_ws/src/install/autopatrol_interfaces/share/autopatrol_interfaces/local_setup.sh
[25.412s] -- Installing: /home/fishros/chapt7/chapt7_ws/src/install/autopatrol_interfaces/share/autopatrol_interfaces/local_setup.zsh
[25.412s] -- Installing: /home/fishros/chapt7/chapt7_ws/src/install/autopatrol_interfaces/share/autopatrol_interfaces/local_setup.dsv
[25.412s] -- Installing: /home/fishros/chapt7/chapt7_ws/src/install/autopatrol_interfaces/share/autopatrol_interfaces/package.dsv
[25.412s] -- Installing: /home/fishros/chapt7/chapt7_ws/src/install/autopatrol_interfaces/share/ament_index/resource_index/packages/autopatrol_interfaces
[25.412s] -- Installing: /home/fishros/chapt7/chapt7_ws/src/install/autopatrol_interfaces/share/autopatrol_interfaces/cmake/export_autopatrol_interfaces__rosidl_generator_cExport.cmake
[25.412s] -- Installing: /home/fishros/chapt7/chapt7_ws/src/install/autopatrol_interfaces/share/autopatrol_interfaces/cmake/export_autopatrol_interfaces__rosidl_generator_cExport-noconfig.cmake
[25.412s] -- Installing: /home/fishros/chapt7/chapt7_ws/src/install/autopatrol_interfaces/share/autopatrol_interfaces/cmake/export_autopatrol_interfaces__rosidl_typesupport_fastrtps_cExport.cmake
[25.419s] -- Installing: /home/fishros/chapt7/chapt7_ws/src/install/autopatrol_interfaces/share/autopatrol_interfaces/cmake/export_autopatrol_interfaces__rosidl_typesupport_fastrtps_cExport-noconfig.cmake
[25.419s] -- Installing: /home/fishros/chapt7/chapt7_ws/src/install/autopatrol_interfaces/share/autopatrol_interfaces/cmake/autopatrol_interfaces__rosidl_typesupport_introspection_cExport.cmake
[25.419s] -- Installing: /home/fishros/chapt7/chapt7_ws/src/install/autopatrol_interfaces/share/autopatrol_interfaces/cmake/autopatrol_interfaces__rosidl_typesupport_introspection_cExport-noconfig.cmake
[25.419s] -- Installing: /home/fishros/chapt7/chapt7_ws/src/install/autopatrol_interfaces/share/autopatrol_interfaces/cmake/autopatrol_interfaces__rosidl_typesupport_cExport.cmake
[25.419s] -- Installing: /home/fishros/chapt7/chapt7_ws/src/install/autopatrol_interfaces/share/autopatrol_interfaces/cmake/autopatrol_interfaces__rosidl_typesupport_cExport-noconfig.cmake
[25.419s] -- Installing: /home/fishros/chapt7/chapt7_ws/src/install/autopatrol_interfaces/share/autopatrol_interfaces/cmake/export_autopatrol_interfaces__rosidl_generator_cppExport.cmake
[25.419s] -- Installing: /home/fishros/chapt7/chapt7_ws/src/install/autopatrol_interfaces/share/autopatrol_interfaces/cmake/export_autopatrol_interfaces__rosidl_typesupport_fastrtps_cppExport.cmake
[25.419s] -- Installing: /home/fishros/chapt7/chapt7_ws/src/install/autopatrol_interfaces/share/autopatrol_interfaces/cmake/export_autopatrol_interfaces__rosidl_typesupport_fastrtps_cppExport-noconfig.cmake
[25.420s] -- Installing: /home/fishros/chapt7/chapt7_ws/src/install/autopatrol_interfaces/share/autopatrol_interfaces/cmake/autopatrol_interfaces__rosidl_typesupport_introspection_cppExport.cmake
[25.420s] -- Installing: /home/fishros/chapt7/chapt7_ws/src/install/autopatrol_interfaces/share/autopatrol_interfaces/cmake/autopatrol_interfaces__rosidl_typesupport_introspection_cppExport-noconfig.cmake
[25.420s] -- Installing: /home/fishros/chapt7/chapt7_ws/src/install/autopatrol_interfaces/share/autopatrol_interfaces/cmake/autopatrol_interfaces__rosidl_typesupport_cppExport.cmake
[25.420s] -- Installing: /home/fishros/chapt7/chapt7_ws/src/install/autopatrol_interfaces/share/autopatrol_interfaces/cmake/autopatrol_interfaces__rosidl_typesupport_cppExport-noconfig.cmake
[25.420s] -- Installing: /home/fishros/chapt7/chapt7_ws/src/install/autopatrol_interfaces/share/autopatrol_interfaces/cmake/export_autopatrol_interfaces__rosidl_generator_pyExport.cmake
[25.420s] -- Installing: /home/fishros/chapt7/chapt7_ws/src/install/autopatrol_interfaces/share/autopatrol_interfaces/cmake/export_autopatrol_interfaces__rosidl_generator_pyExport-noconfig.cmake
[25.420s] -- Installing: /home/fishros/chapt7/chapt7_ws/src/install/autopatrol_interfaces/share/autopatrol_interfaces/cmake/rosidl_cmake-extras.cmake
[25.420s] -- Installing: /home/fishros/chapt7/chapt7_ws/src/install/autopatrol_interfaces/share/autopatrol_interfaces/cmake/ament_cmake_export_include_directories-extras.cmake
[25.420s] -- Installing: /home/fishros/chapt7/chapt7_ws/src/install/autopatrol_interfaces/share/autopatrol_interfaces/cmake/ament_cmake_export_libraries-extras.cmake
[25.420s] -- Installing: /home/fishros/chapt7/chapt7_ws/src/install/autopatrol_interfaces/share/autopatrol_interfaces/cmake/ament_cmake_export_targets-extras.cmake
[25.420s] -- Installing: /home/fishros/chapt7/chapt7_ws/src/install/autopatrol_interfaces/share/autopatrol_interfaces/cmake/rosidl_cmake_export_typesupport_targets-extras.cmake
[25.420s] -- Installing: /home/fishros/chapt7/chapt7_ws/src/install/autopatrol_interfaces/share/autopatrol_interfaces/cmake/ament_cmake_export_dependencies-extras.cmake
[25.420s] -- Installing: /home/fishros/chapt7/chapt7_ws/src/install/autopatrol_interfaces/share/autopatrol_interfaces/cmake/rosidl_cmake_export_typesupport_libraries-extras.cmake
[25.426s] -- Installing: /home/fishros/chapt7/chapt7_ws/src/install/autopatrol_interfaces/share/autopatrol_interfaces/cmake/autopatrol_interfacesConfig.cmake
[25.426s] -- Installing: /home/fishros/chapt7/chapt7_ws/src/install/autopatrol_interfaces/share/autopatrol_interfaces/cmake/autopatrol_interfacesConfig-version.cmake
[25.427s] -- Installing: /home/fishros/chapt7/chapt7_ws/src/install/autopatrol_interfaces/share/autopatrol_interfaces/package.xml
[25.450s] Invoked command in '/home/fishros/chapt7/chapt7_ws/src/build/autopatrol_interfaces' returned '0': CMAKE_PREFIX_PATH=/opt/ros/humble /usr/bin/cmake --install /home/fishros/chapt7/chapt7_ws/src/build/autopatrol_interfaces
