[2.319s] Invoking command in '/home/fishros/chapt7/chapt7_ws/src/autopatrol_robot': PYTHONPATH=/home/fishros/chapt7/chapt7_ws/src/build/autopatrol_robot/prefix_override:/usr/lib/python3/dist-packages/colcon_core/task/python/colcon_distutils_commands:/home/fishros/chapt7/chapt7_ws/src/install/autopatrol_robot/lib/python3.10/site-packages:${PYTHONPATH} /usr/bin/python3 -W ignore:setup.py install is deprecated -W ignore:easy_install command is deprecated setup.py egg_info --egg-base ../build/autopatrol_robot build --build-base /home/fishros/chapt7/chapt7_ws/src/build/autopatrol_robot/build install --record /home/fishros/chapt7/chapt7_ws/src/build/autopatrol_robot/install.log --single-version-externally-managed install_data
[3.357s] running egg_info
[3.358s] creating ../build/autopatrol_robot/autopatrol_robot.egg-info
[3.359s] writing ../build/autopatrol_robot/autopatrol_robot.egg-info/PKG-INFO
[3.359s] writing dependency_links to ../build/autopatrol_robot/autopatrol_robot.egg-info/dependency_links.txt
[3.361s] writing entry points to ../build/autopatrol_robot/autopatrol_robot.egg-info/entry_points.txt
[3.361s] writing requirements to ../build/autopatrol_robot/autopatrol_robot.egg-info/requires.txt
[3.362s] writing top-level names to ../build/autopatrol_robot/autopatrol_robot.egg-info/top_level.txt
[3.362s] writing manifest file '../build/autopatrol_robot/autopatrol_robot.egg-info/SOURCES.txt'
[3.370s] reading manifest file '../build/autopatrol_robot/autopatrol_robot.egg-info/SOURCES.txt'
[3.371s] writing manifest file '../build/autopatrol_robot/autopatrol_robot.egg-info/SOURCES.txt'
[3.372s] running build
[3.373s] running build_py
[3.373s] creating /home/fishros/chapt7/chapt7_ws/src/build/autopatrol_robot/build
[3.373s] creating /home/fishros/chapt7/chapt7_ws/src/build/autopatrol_robot/build/lib
[3.373s] creating /home/fishros/chapt7/chapt7_ws/src/build/autopatrol_robot/build/lib/autopatrol_robot
[3.374s] copying autopatrol_robot/patrol_node.py -> /home/fishros/chapt7/chapt7_ws/src/build/autopatrol_robot/build/lib/autopatrol_robot
[3.375s] copying autopatrol_robot/__init__.py -> /home/fishros/chapt7/chapt7_ws/src/build/autopatrol_robot/build/lib/autopatrol_robot
[3.378s] running install
[3.379s] running install_lib
[3.380s] creating /home/fishros/chapt7/chapt7_ws/src/install/autopatrol_robot/lib/python3.10/site-packages/autopatrol_robot
[3.382s] copying /home/fishros/chapt7/chapt7_ws/src/build/autopatrol_robot/build/lib/autopatrol_robot/patrol_node.py -> /home/fishros/chapt7/chapt7_ws/src/install/autopatrol_robot/lib/python3.10/site-packages/autopatrol_robot
[3.384s] copying /home/fishros/chapt7/chapt7_ws/src/build/autopatrol_robot/build/lib/autopatrol_robot/__init__.py -> /home/fishros/chapt7/chapt7_ws/src/install/autopatrol_robot/lib/python3.10/site-packages/autopatrol_robot
[3.385s] byte-compiling /home/fishros/chapt7/chapt7_ws/src/install/autopatrol_robot/lib/python3.10/site-packages/autopatrol_robot/patrol_node.py to patrol_node.cpython-310.pyc
[3.391s] byte-compiling /home/fishros/chapt7/chapt7_ws/src/install/autopatrol_robot/lib/python3.10/site-packages/autopatrol_robot/__init__.py to __init__.cpython-310.pyc
[3.391s] running install_data
[3.391s] creating /home/fishros/chapt7/chapt7_ws/src/install/autopatrol_robot/share/ament_index
[3.391s] creating /home/fishros/chapt7/chapt7_ws/src/install/autopatrol_robot/share/ament_index/resource_index
[3.391s] creating /home/fishros/chapt7/chapt7_ws/src/install/autopatrol_robot/share/ament_index/resource_index/packages
[3.391s] copying resource/autopatrol_robot -> /home/fishros/chapt7/chapt7_ws/src/install/autopatrol_robot/share/ament_index/resource_index/packages
[3.391s] copying package.xml -> /home/fishros/chapt7/chapt7_ws/src/install/autopatrol_robot/share/autopatrol_robot
[3.392s] creating /home/fishros/chapt7/chapt7_ws/src/install/autopatrol_robot/share/autopatrol_robot/config
[3.398s] copying config/patrol_config.yaml -> /home/fishros/chapt7/chapt7_ws/src/install/autopatrol_robot/share/autopatrol_robot/config
[3.398s] running install_egg_info
[3.403s] Copying ../build/autopatrol_robot/autopatrol_robot.egg-info to /home/fishros/chapt7/chapt7_ws/src/install/autopatrol_robot/lib/python3.10/site-packages/autopatrol_robot-0.0.0-py3.10.egg-info
[3.407s] running install_scripts
[3.526s] Installing patrol_node script to /home/fishros/chapt7/chapt7_ws/src/install/autopatrol_robot/lib/autopatrol_robot
[3.532s] writing list of installed files to '/home/fishros/chapt7/chapt7_ws/src/build/autopatrol_robot/install.log'
[3.683s] Invoked command in '/home/fishros/chapt7/chapt7_ws/src/autopatrol_robot' returned '0': PYTHONPATH=/home/fishros/chapt7/chapt7_ws/src/build/autopatrol_robot/prefix_override:/usr/lib/python3/dist-packages/colcon_core/task/python/colcon_distutils_commands:/home/fishros/chapt7/chapt7_ws/src/install/autopatrol_robot/lib/python3.10/site-packages:${PYTHONPATH} /usr/bin/python3 -W ignore:setup.py install is deprecated -W ignore:easy_install command is deprecated setup.py egg_info --egg-base ../build/autopatrol_robot build --build-base /home/fishros/chapt7/chapt7_ws/src/build/autopatrol_robot/build install --record /home/fishros/chapt7/chapt7_ws/src/build/autopatrol_robot/install.log --single-version-externally-managed install_data
