[0.017s] Invoking command in '/home/fishros/chapt7/chapt7_ws/src/build/fishbot_description': CMAKE_PREFIX_PATH=/opt/ros/humble /usr/bin/cmake /home/fishros/chapt7/chapt7_ws/src/fishbot_description -DCMAKE_INSTALL_PREFIX=/home/fishros/chapt7/chapt7_ws/src/install/fishbot_description
[0.202s] -- The C compiler identification is GNU 11.4.0
[0.442s] -- The CXX compiler identification is GNU 11.4.0
[0.455s] -- Detecting C compiler ABI info
[0.654s] -- Detecting C compiler ABI info - done
[0.682s] -- Check for working C compiler: /usr/bin/cc - skipped
[0.685s] -- Detecting C compile features
[0.688s] -- Detecting C compile features - done
[0.697s] -- Detecting CXX compiler ABI info
[1.082s] -- Detecting CXX compiler ABI info - done
[1.107s] -- Check for working CXX compiler: /usr/bin/c++ - skipped
[1.113s] -- Detecting CXX compile features
[1.113s] -- Detecting CXX compile features - done
[1.117s] -- Found ament_cmake: 1.3.11 (/opt/ros/humble/share/ament_cmake/cmake)
[1.672s] -- Found Python3: /usr/bin/python3 (found version "3.10.12") found components: Interpreter 
[2.014s] -- Found ament_lint_auto: 0.12.12 (/opt/ros/humble/share/ament_lint_auto/cmake)
[2.276s] -- Added test 'flake8' to check Python code syntax and style conventions
[2.282s] -- Added test 'lint_cmake' to check CMake code style
[2.282s] -- Added test 'pep257' to check Python code against some of the docstring style conventions in PEP 257
[2.284s] -- Added test 'xmllint' to check XML markup files
[2.298s] -- Configuring done
[2.298s] -- Generating done
[2.307s] -- Build files have been written to: /home/fishros/chapt7/chapt7_ws/src/build/fishbot_description
[2.324s] Invoked command in '/home/fishros/chapt7/chapt7_ws/src/build/fishbot_description' returned '0': CMAKE_PREFIX_PATH=/opt/ros/humble /usr/bin/cmake /home/fishros/chapt7/chapt7_ws/src/fishbot_description -DCMAKE_INSTALL_PREFIX=/home/fishros/chapt7/chapt7_ws/src/install/fishbot_description
[2.326s] Invoking command in '/home/fishros/chapt7/chapt7_ws/src/build/fishbot_description': CMAKE_PREFIX_PATH=/opt/ros/humble /usr/bin/cmake --build /home/fishros/chapt7/chapt7_ws/src/build/fishbot_description -- -j1 -l1
[2.477s] Invoked command in '/home/fishros/chapt7/chapt7_ws/src/build/fishbot_description' returned '0': CMAKE_PREFIX_PATH=/opt/ros/humble /usr/bin/cmake --build /home/fishros/chapt7/chapt7_ws/src/build/fishbot_description -- -j1 -l1
[2.477s] Invoking command in '/home/fishros/chapt7/chapt7_ws/src/build/fishbot_description': CMAKE_PREFIX_PATH=/opt/ros/humble /usr/bin/cmake --install /home/fishros/chapt7/chapt7_ws/src/build/fishbot_description
[2.510s] -- Install configuration: ""
[2.512s] -- Installing: /home/fishros/chapt7/chapt7_ws/src/install/fishbot_description/share/fishbot_description/launch
[2.513s] -- Installing: /home/fishros/chapt7/chapt7_ws/src/install/fishbot_description/share/fishbot_description/launch/display_robot.launch.py
[2.513s] -- Installing: /home/fishros/chapt7/chapt7_ws/src/install/fishbot_description/share/fishbot_description/urdf
[2.515s] -- Installing: /home/fishros/chapt7/chapt7_ws/src/install/fishbot_description/share/fishbot_description/urdf/first_robot.gv
[2.519s] -- Installing: /home/fishros/chapt7/chapt7_ws/src/install/fishbot_description/share/fishbot_description/urdf/first_robot.urdf
[2.522s] -- Installing: /home/fishros/chapt7/chapt7_ws/src/install/fishbot_description/share/fishbot_description/urdf/fishbot
[2.522s] -- Installing: /home/fishros/chapt7/chapt7_ws/src/install/fishbot_description/share/fishbot_description/urdf/fishbot/base.urdf.xacro
[2.524s] -- Installing: /home/fishros/chapt7/chapt7_ws/src/install/fishbot_description/share/fishbot_description/urdf/fishbot/sensor
[2.528s] -- Installing: /home/fishros/chapt7/chapt7_ws/src/install/fishbot_description/share/fishbot_description/urdf/fishbot/sensor/laser.urdf.xacro
[2.530s] -- Installing: /home/fishros/chapt7/chapt7_ws/src/install/fishbot_description/share/fishbot_description/urdf/fishbot/sensor/imu.urdf.xacro
[2.531s] -- Installing: /home/fishros/chapt7/chapt7_ws/src/install/fishbot_description/share/fishbot_description/urdf/fishbot/sensor/camera.urdf.xacro
[2.532s] -- Installing: /home/fishros/chapt7/chapt7_ws/src/install/fishbot_description/share/fishbot_description/urdf/fishbot/fishbot.urdf.xacro
[2.533s] -- Installing: /home/fishros/chapt7/chapt7_ws/src/install/fishbot_description/share/fishbot_description/urdf/fishbot/actuator
[2.535s] -- Installing: /home/fishros/chapt7/chapt7_ws/src/install/fishbot_description/share/fishbot_description/urdf/fishbot/actuator/caster.urdf.xacro
[2.540s] -- Installing: /home/fishros/chapt7/chapt7_ws/src/install/fishbot_description/share/fishbot_description/urdf/fishbot/actuator/wheel.urdf.xacro
[2.548s] -- Installing: /home/fishros/chapt7/chapt7_ws/src/install/fishbot_description/share/fishbot_description/urdf/fishbot/common_inertia.xacro
[2.549s] -- Installing: /home/fishros/chapt7/chapt7_ws/src/install/fishbot_description/share/fishbot_description/urdf/first_robot.pdf
[2.550s] -- Installing: /home/fishros/chapt7/chapt7_ws/src/install/fishbot_description/share/fishbot_description/urdf/first_robot.urdf.xacro
[2.550s] -- Installing: /home/fishros/chapt7/chapt7_ws/src/install/fishbot_description/share/fishbot_description/config
[2.551s] -- Installing: /home/fishros/chapt7/chapt7_ws/src/install/fishbot_description/share/fishbot_description/config/rviz
[2.552s] -- Installing: /home/fishros/chapt7/chapt7_ws/src/install/fishbot_description/share/fishbot_description/config/rviz/display_model.rviz
[2.552s] -- Installing: /home/fishros/chapt7/chapt7_ws/src/install/fishbot_description/share/ament_index/resource_index/package_run_dependencies/fishbot_description
[2.553s] -- Installing: /home/fishros/chapt7/chapt7_ws/src/install/fishbot_description/share/ament_index/resource_index/parent_prefix_path/fishbot_description
[2.554s] -- Installing: /home/fishros/chapt7/chapt7_ws/src/install/fishbot_description/share/fishbot_description/environment/ament_prefix_path.sh
[2.555s] -- Installing: /home/fishros/chapt7/chapt7_ws/src/install/fishbot_description/share/fishbot_description/environment/ament_prefix_path.dsv
[2.556s] -- Installing: /home/fishros/chapt7/chapt7_ws/src/install/fishbot_description/share/fishbot_description/environment/path.sh
[2.556s] -- Installing: /home/fishros/chapt7/chapt7_ws/src/install/fishbot_description/share/fishbot_description/environment/path.dsv
[2.557s] -- Installing: /home/fishros/chapt7/chapt7_ws/src/install/fishbot_description/share/fishbot_description/local_setup.bash
[2.565s] -- Installing: /home/fishros/chapt7/chapt7_ws/src/install/fishbot_description/share/fishbot_description/local_setup.sh
[2.566s] -- Installing: /home/fishros/chapt7/chapt7_ws/src/install/fishbot_description/share/fishbot_description/local_setup.zsh
[2.566s] -- Installing: /home/fishros/chapt7/chapt7_ws/src/install/fishbot_description/share/fishbot_description/local_setup.dsv
[2.567s] -- Installing: /home/fishros/chapt7/chapt7_ws/src/install/fishbot_description/share/fishbot_description/package.dsv
[2.568s] -- Installing: /home/fishros/chapt7/chapt7_ws/src/install/fishbot_description/share/ament_index/resource_index/packages/fishbot_description
[2.569s] -- Installing: /home/fishros/chapt7/chapt7_ws/src/install/fishbot_description/share/fishbot_description/cmake/fishbot_descriptionConfig.cmake
[2.570s] -- Installing: /home/fishros/chapt7/chapt7_ws/src/install/fishbot_description/share/fishbot_description/cmake/fishbot_descriptionConfig-version.cmake
[2.572s] -- Installing: /home/fishros/chapt7/chapt7_ws/src/install/fishbot_description/share/fishbot_description/package.xml
[2.594s] Invoked command in '/home/fishros/chapt7/chapt7_ws/src/build/fishbot_description' returned '0': CMAKE_PREFIX_PATH=/opt/ros/humble /usr/bin/cmake --install /home/fishros/chapt7/chapt7_ws/src/build/fishbot_description
