[0.025s] Invoking command in '/home/fishros/chapt7/chapt7_ws/src/build/fishbot_description': CMAKE_PREFIX_PATH=/opt/ros/humble /usr/bin/cmake --build /home/fishros/chapt7/chapt7_ws/src/build/fishbot_description -- -j1 -l1
[0.147s] Invoked command in '/home/fishros/chapt7/chapt7_ws/src/build/fishbot_description' returned '0': CMAKE_PREFIX_PATH=/opt/ros/humble /usr/bin/cmake --build /home/fishros/chapt7/chapt7_ws/src/build/fishbot_description -- -j1 -l1
[0.151s] Invoking command in '/home/fishros/chapt7/chapt7_ws/src/build/fishbot_description': CMAKE_PREFIX_PATH=/opt/ros/humble /usr/bin/cmake --install /home/fishros/chapt7/chapt7_ws/src/build/fishbot_description
[0.173s] -- Install configuration: ""
[0.174s] -- Up-to-date: /home/fishros/chapt7/chapt7_ws/src/install/fishbot_description/share/fishbot_description/launch
[0.178s] -- Up-to-date: /home/fishros/chapt7/chapt7_ws/src/install/fishbot_description/share/fishbot_description/launch/display_robot.launch.py
[0.179s] -- Up-to-date: /home/fishros/chapt7/chapt7_ws/src/install/fishbot_description/share/fishbot_description/urdf
[0.179s] -- Up-to-date: /home/fishros/chapt7/chapt7_ws/src/install/fishbot_description/share/fishbot_description/urdf/first_robot.gv
[0.179s] -- Up-to-date: /home/fishros/chapt7/chapt7_ws/src/install/fishbot_description/share/fishbot_description/urdf/first_robot.urdf
[0.179s] -- Up-to-date: /home/fishros/chapt7/chapt7_ws/src/install/fishbot_description/share/fishbot_description/urdf/fishbot
[0.179s] -- Up-to-date: /home/fishros/chapt7/chapt7_ws/src/install/fishbot_description/share/fishbot_description/urdf/fishbot/base.urdf.xacro
[0.179s] -- Up-to-date: /home/fishros/chapt7/chapt7_ws/src/install/fishbot_description/share/fishbot_description/urdf/fishbot/sensor
[0.179s] -- Up-to-date: /home/fishros/chapt7/chapt7_ws/src/install/fishbot_description/share/fishbot_description/urdf/fishbot/sensor/laser.urdf.xacro
[0.179s] -- Up-to-date: /home/fishros/chapt7/chapt7_ws/src/install/fishbot_description/share/fishbot_description/urdf/fishbot/sensor/imu.urdf.xacro
[0.179s] -- Up-to-date: /home/fishros/chapt7/chapt7_ws/src/install/fishbot_description/share/fishbot_description/urdf/fishbot/sensor/camera.urdf.xacro
[0.179s] -- Up-to-date: /home/fishros/chapt7/chapt7_ws/src/install/fishbot_description/share/fishbot_description/urdf/fishbot/fishbot.urdf.xacro
[0.179s] -- Up-to-date: /home/fishros/chapt7/chapt7_ws/src/install/fishbot_description/share/fishbot_description/urdf/fishbot/actuator
[0.179s] -- Up-to-date: /home/fishros/chapt7/chapt7_ws/src/install/fishbot_description/share/fishbot_description/urdf/fishbot/actuator/caster.urdf.xacro
[0.179s] -- Up-to-date: /home/fishros/chapt7/chapt7_ws/src/install/fishbot_description/share/fishbot_description/urdf/fishbot/actuator/wheel.urdf.xacro
[0.180s] -- Up-to-date: /home/fishros/chapt7/chapt7_ws/src/install/fishbot_description/share/fishbot_description/urdf/fishbot/common_inertia.xacro
[0.180s] -- Up-to-date: /home/fishros/chapt7/chapt7_ws/src/install/fishbot_description/share/fishbot_description/urdf/first_robot.pdf
[0.180s] -- Up-to-date: /home/fishros/chapt7/chapt7_ws/src/install/fishbot_description/share/fishbot_description/urdf/first_robot.urdf.xacro
[0.180s] -- Up-to-date: /home/fishros/chapt7/chapt7_ws/src/install/fishbot_description/share/fishbot_description/config
[0.180s] -- Up-to-date: /home/fishros/chapt7/chapt7_ws/src/install/fishbot_description/share/fishbot_description/config/rviz
[0.180s] -- Up-to-date: /home/fishros/chapt7/chapt7_ws/src/install/fishbot_description/share/fishbot_description/config/rviz/display_model.rviz
[0.180s] -- Up-to-date: /home/fishros/chapt7/chapt7_ws/src/install/fishbot_description/share/ament_index/resource_index/package_run_dependencies/fishbot_description
[0.180s] -- Up-to-date: /home/fishros/chapt7/chapt7_ws/src/install/fishbot_description/share/ament_index/resource_index/parent_prefix_path/fishbot_description
[0.180s] -- Up-to-date: /home/fishros/chapt7/chapt7_ws/src/install/fishbot_description/share/fishbot_description/environment/ament_prefix_path.sh
[0.180s] -- Up-to-date: /home/fishros/chapt7/chapt7_ws/src/install/fishbot_description/share/fishbot_description/environment/ament_prefix_path.dsv
[0.180s] -- Up-to-date: /home/fishros/chapt7/chapt7_ws/src/install/fishbot_description/share/fishbot_description/environment/path.sh
[0.180s] -- Up-to-date: /home/fishros/chapt7/chapt7_ws/src/install/fishbot_description/share/fishbot_description/environment/path.dsv
[0.180s] -- Up-to-date: /home/fishros/chapt7/chapt7_ws/src/install/fishbot_description/share/fishbot_description/local_setup.bash
[0.180s] -- Up-to-date: /home/fishros/chapt7/chapt7_ws/src/install/fishbot_description/share/fishbot_description/local_setup.sh
[0.181s] -- Up-to-date: /home/fishros/chapt7/chapt7_ws/src/install/fishbot_description/share/fishbot_description/local_setup.zsh
[0.181s] -- Up-to-date: /home/fishros/chapt7/chapt7_ws/src/install/fishbot_description/share/fishbot_description/local_setup.dsv
[0.181s] -- Up-to-date: /home/fishros/chapt7/chapt7_ws/src/install/fishbot_description/share/fishbot_description/package.dsv
[0.198s] -- Up-to-date: /home/fishros/chapt7/chapt7_ws/src/install/fishbot_description/share/ament_index/resource_index/packages/fishbot_description
[0.198s] -- Up-to-date: /home/fishros/chapt7/chapt7_ws/src/install/fishbot_description/share/fishbot_description/cmake/fishbot_descriptionConfig.cmake
[0.198s] -- Up-to-date: /home/fishros/chapt7/chapt7_ws/src/install/fishbot_description/share/fishbot_description/cmake/fishbot_descriptionConfig-version.cmake
[0.198s] -- Up-to-date: /home/fishros/chapt7/chapt7_ws/src/install/fishbot_description/share/fishbot_description/package.xml
[0.201s] Invoked command in '/home/fishros/chapt7/chapt7_ws/src/build/fishbot_description' returned '0': CMAKE_PREFIX_PATH=/opt/ros/humble /usr/bin/cmake --install /home/fishros/chapt7/chapt7_ws/src/build/fishbot_description
