[0.049s] Invoking command in '/home/fishros/chapt7/chapt7_ws/src/build/autopatrol_interfaces': CMAKE_PREFIX_PATH=/opt/ros/humble /usr/bin/cmake --build /home/fishros/chapt7/chapt7_ws/src/build/autopatrol_interfaces -- -j1 -l1
[0.284s] [  3%] Built target autopatrol_interfaces__cpp
[0.390s] [ 12%] Built target autopatrol_interfaces__rosidl_typesupport_cpp
[0.470s] [ 22%] Built target autopatrol_interfaces__rosidl_generator_c
[0.557s] [ 32%] Built target autopatrol_interfaces__rosidl_typesupport_fastrtps_c
[0.649s] [ 41%] Built target autopatrol_interfaces__rosidl_typesupport_introspection_c
[0.735s] [ 51%] Built target autopatrol_interfaces__rosidl_typesupport_c
[0.826s] [ 61%] Built target autopatrol_interfaces__rosidl_typesupport_fastrtps_cpp
[0.925s] [ 70%] Built target autopatrol_interfaces__rosidl_typesupport_introspection_cpp
[1.009s] [ 70%] Built target autopatrol_interfaces
[1.134s] [ 70%] Built target ament_cmake_python_copy_autopatrol_interfaces
[2.327s] running egg_info
[2.332s] writing autopatrol_interfaces.egg-info/PKG-INFO
[2.335s] writing dependency_links to autopatrol_interfaces.egg-info/dependency_links.txt
[2.385s] writing top-level names to autopatrol_interfaces.egg-info/top_level.txt
[2.386s] reading manifest file 'autopatrol_interfaces.egg-info/SOURCES.txt'
[2.386s] writing manifest file 'autopatrol_interfaces.egg-info/SOURCES.txt'
[2.468s] [ 70%] Built target ament_cmake_python_build_autopatrol_interfaces_egg
[2.531s] [ 74%] Built target autopatrol_interfaces__py
[2.613s] [ 80%] Built target autopatrol_interfaces__rosidl_generator_py
[2.688s] [ 87%] Built target autopatrol_interfaces__rosidl_typesupport_fastrtps_c__pyext
[2.776s] [ 93%] Built target autopatrol_interfaces__rosidl_typesupport_introspection_c__pyext
[2.857s] [100%] Built target autopatrol_interfaces__rosidl_typesupport_c__pyext
[2.907s] Invoked command in '/home/fishros/chapt7/chapt7_ws/src/build/autopatrol_interfaces' returned '0': CMAKE_PREFIX_PATH=/opt/ros/humble /usr/bin/cmake --build /home/fishros/chapt7/chapt7_ws/src/build/autopatrol_interfaces -- -j1 -l1
[2.940s] Invoking command in '/home/fishros/chapt7/chapt7_ws/src/build/autopatrol_interfaces': CMAKE_PREFIX_PATH=/opt/ros/humble /usr/bin/cmake --install /home/fishros/chapt7/chapt7_ws/src/build/autopatrol_interfaces
[2.977s] -- Install configuration: ""
[2.979s] -- Up-to-date: /home/fishros/chapt7/chapt7_ws/src/install/autopatrol_interfaces/share/ament_index/resource_index/rosidl_interfaces/autopatrol_interfaces
[2.979s] -- Up-to-date: /home/fishros/chapt7/chapt7_ws/src/install/autopatrol_interfaces/include/autopatrol_interfaces/autopatrol_interfaces
[2.979s] -- Up-to-date: /home/fishros/chapt7/chapt7_ws/src/install/autopatrol_interfaces/include/autopatrol_interfaces/autopatrol_interfaces/srv
[2.982s] -- Up-to-date: /home/fishros/chapt7/chapt7_ws/src/install/autopatrol_interfaces/include/autopatrol_interfaces/autopatrol_interfaces/srv/speach_text.h
[2.982s] -- Up-to-date: /home/fishros/chapt7/chapt7_ws/src/install/autopatrol_interfaces/include/autopatrol_interfaces/autopatrol_interfaces/srv/detail
[2.982s] -- Up-to-date: /home/fishros/chapt7/chapt7_ws/src/install/autopatrol_interfaces/include/autopatrol_interfaces/autopatrol_interfaces/srv/detail/speach_text__functions.c
[2.982s] -- Up-to-date: /home/fishros/chapt7/chapt7_ws/src/install/autopatrol_interfaces/include/autopatrol_interfaces/autopatrol_interfaces/srv/detail/speach_text__type_support.h
[2.983s] -- Up-to-date: /home/fishros/chapt7/chapt7_ws/src/install/autopatrol_interfaces/include/autopatrol_interfaces/autopatrol_interfaces/srv/detail/speach_text__functions.h
[2.984s] -- Up-to-date: /home/fishros/chapt7/chapt7_ws/src/install/autopatrol_interfaces/include/autopatrol_interfaces/autopatrol_interfaces/srv/detail/speach_text__struct.h
[2.984s] -- Up-to-date: /home/fishros/chapt7/chapt7_ws/src/install/autopatrol_interfaces/include/autopatrol_interfaces/autopatrol_interfaces/msg
[2.984s] -- Up-to-date: /home/fishros/chapt7/chapt7_ws/src/install/autopatrol_interfaces/include/autopatrol_interfaces/autopatrol_interfaces/msg/rosidl_generator_c__visibility_control.h
[2.984s] -- Up-to-date: /home/fishros/chapt7/chapt7_ws/src/install/autopatrol_interfaces/share/autopatrol_interfaces/environment/library_path.sh
[2.984s] -- Up-to-date: /home/fishros/chapt7/chapt7_ws/src/install/autopatrol_interfaces/share/autopatrol_interfaces/environment/library_path.dsv
[2.987s] -- Up-to-date: /home/fishros/chapt7/chapt7_ws/src/install/autopatrol_interfaces/lib/libautopatrol_interfaces__rosidl_generator_c.so
[2.988s] -- Up-to-date: /home/fishros/chapt7/chapt7_ws/src/install/autopatrol_interfaces/include/autopatrol_interfaces/autopatrol_interfaces
[2.988s] -- Up-to-date: /home/fishros/chapt7/chapt7_ws/src/install/autopatrol_interfaces/include/autopatrol_interfaces/autopatrol_interfaces/srv
[2.990s] -- Up-to-date: /home/fishros/chapt7/chapt7_ws/src/install/autopatrol_interfaces/include/autopatrol_interfaces/autopatrol_interfaces/srv/detail
[2.991s] -- Up-to-date: /home/fishros/chapt7/chapt7_ws/src/install/autopatrol_interfaces/include/autopatrol_interfaces/autopatrol_interfaces/srv/detail/speach_text__rosidl_typesupport_fastrtps_c.h
[2.991s] -- Up-to-date: /home/fishros/chapt7/chapt7_ws/src/install/autopatrol_interfaces/include/autopatrol_interfaces/autopatrol_interfaces/msg
[2.991s] -- Up-to-date: /home/fishros/chapt7/chapt7_ws/src/install/autopatrol_interfaces/include/autopatrol_interfaces/autopatrol_interfaces/msg/rosidl_typesupport_fastrtps_c__visibility_control.h
[2.993s] -- Up-to-date: /home/fishros/chapt7/chapt7_ws/src/install/autopatrol_interfaces/lib/libautopatrol_interfaces__rosidl_typesupport_fastrtps_c.so
[2.995s] -- Up-to-date: /home/fishros/chapt7/chapt7_ws/src/install/autopatrol_interfaces/include/autopatrol_interfaces/autopatrol_interfaces
[2.995s] -- Up-to-date: /home/fishros/chapt7/chapt7_ws/src/install/autopatrol_interfaces/include/autopatrol_interfaces/autopatrol_interfaces/srv
[2.997s] -- Up-to-date: /home/fishros/chapt7/chapt7_ws/src/install/autopatrol_interfaces/include/autopatrol_interfaces/autopatrol_interfaces/srv/detail
[2.997s] -- Up-to-date: /home/fishros/chapt7/chapt7_ws/src/install/autopatrol_interfaces/include/autopatrol_interfaces/autopatrol_interfaces/srv/detail/speach_text__rosidl_typesupport_introspection_c.h
[2.997s] -- Up-to-date: /home/fishros/chapt7/chapt7_ws/src/install/autopatrol_interfaces/include/autopatrol_interfaces/autopatrol_interfaces/srv/detail/speach_text__type_support.c
[3.001s] -- Up-to-date: /home/fishros/chapt7/chapt7_ws/src/install/autopatrol_interfaces/include/autopatrol_interfaces/autopatrol_interfaces/msg
[3.001s] -- Up-to-date: /home/fishros/chapt7/chapt7_ws/src/install/autopatrol_interfaces/include/autopatrol_interfaces/autopatrol_interfaces/msg/rosidl_typesupport_introspection_c__visibility_control.h
[3.001s] -- Up-to-date: /home/fishros/chapt7/chapt7_ws/src/install/autopatrol_interfaces/lib/libautopatrol_interfaces__rosidl_typesupport_introspection_c.so
[3.001s] -- Up-to-date: /home/fishros/chapt7/chapt7_ws/src/install/autopatrol_interfaces/lib/libautopatrol_interfaces__rosidl_typesupport_c.so
[3.002s] -- Up-to-date: /home/fishros/chapt7/chapt7_ws/src/install/autopatrol_interfaces/include/autopatrol_interfaces/autopatrol_interfaces
[3.005s] -- Up-to-date: /home/fishros/chapt7/chapt7_ws/src/install/autopatrol_interfaces/include/autopatrol_interfaces/autopatrol_interfaces/srv
[3.005s] -- Up-to-date: /home/fishros/chapt7/chapt7_ws/src/install/autopatrol_interfaces/include/autopatrol_interfaces/autopatrol_interfaces/srv/speach_text.hpp
[3.005s] -- Up-to-date: /home/fishros/chapt7/chapt7_ws/src/install/autopatrol_interfaces/include/autopatrol_interfaces/autopatrol_interfaces/srv/detail
[3.005s] -- Up-to-date: /home/fishros/chapt7/chapt7_ws/src/install/autopatrol_interfaces/include/autopatrol_interfaces/autopatrol_interfaces/srv/detail/speach_text__builder.hpp
[3.006s] -- Up-to-date: /home/fishros/chapt7/chapt7_ws/src/install/autopatrol_interfaces/include/autopatrol_interfaces/autopatrol_interfaces/srv/detail/speach_text__traits.hpp
[3.006s] -- Up-to-date: /home/fishros/chapt7/chapt7_ws/src/install/autopatrol_interfaces/include/autopatrol_interfaces/autopatrol_interfaces/srv/detail/speach_text__struct.hpp
[3.009s] -- Up-to-date: /home/fishros/chapt7/chapt7_ws/src/install/autopatrol_interfaces/include/autopatrol_interfaces/autopatrol_interfaces/srv/detail/speach_text__type_support.hpp
[3.009s] -- Up-to-date: /home/fishros/chapt7/chapt7_ws/src/install/autopatrol_interfaces/include/autopatrol_interfaces/autopatrol_interfaces/msg
[3.013s] -- Up-to-date: /home/fishros/chapt7/chapt7_ws/src/install/autopatrol_interfaces/include/autopatrol_interfaces/autopatrol_interfaces/msg/rosidl_generator_cpp__visibility_control.hpp
[3.013s] -- Up-to-date: /home/fishros/chapt7/chapt7_ws/src/install/autopatrol_interfaces/include/autopatrol_interfaces/autopatrol_interfaces
[3.013s] -- Up-to-date: /home/fishros/chapt7/chapt7_ws/src/install/autopatrol_interfaces/include/autopatrol_interfaces/autopatrol_interfaces/srv
[3.013s] -- Up-to-date: /home/fishros/chapt7/chapt7_ws/src/install/autopatrol_interfaces/include/autopatrol_interfaces/autopatrol_interfaces/srv/detail
[3.013s] -- Up-to-date: /home/fishros/chapt7/chapt7_ws/src/install/autopatrol_interfaces/include/autopatrol_interfaces/autopatrol_interfaces/srv/detail/dds_fastrtps
[3.013s] -- Up-to-date: /home/fishros/chapt7/chapt7_ws/src/install/autopatrol_interfaces/include/autopatrol_interfaces/autopatrol_interfaces/srv/detail/speach_text__rosidl_typesupport_fastrtps_cpp.hpp
[3.016s] -- Up-to-date: /home/fishros/chapt7/chapt7_ws/src/install/autopatrol_interfaces/include/autopatrol_interfaces/autopatrol_interfaces/msg
[3.017s] -- Up-to-date: /home/fishros/chapt7/chapt7_ws/src/install/autopatrol_interfaces/include/autopatrol_interfaces/autopatrol_interfaces/msg/rosidl_typesupport_fastrtps_cpp__visibility_control.h
[3.017s] -- Up-to-date: /home/fishros/chapt7/chapt7_ws/src/install/autopatrol_interfaces/lib/libautopatrol_interfaces__rosidl_typesupport_fastrtps_cpp.so
[3.017s] -- Up-to-date: /home/fishros/chapt7/chapt7_ws/src/install/autopatrol_interfaces/include/autopatrol_interfaces/autopatrol_interfaces
[3.017s] -- Up-to-date: /home/fishros/chapt7/chapt7_ws/src/install/autopatrol_interfaces/include/autopatrol_interfaces/autopatrol_interfaces/srv
[3.017s] -- Up-to-date: /home/fishros/chapt7/chapt7_ws/src/install/autopatrol_interfaces/include/autopatrol_interfaces/autopatrol_interfaces/srv/detail
[3.018s] -- Up-to-date: /home/fishros/chapt7/chapt7_ws/src/install/autopatrol_interfaces/include/autopatrol_interfaces/autopatrol_interfaces/srv/detail/speach_text__rosidl_typesupport_introspection_cpp.hpp
[3.021s] -- Up-to-date: /home/fishros/chapt7/chapt7_ws/src/install/autopatrol_interfaces/include/autopatrol_interfaces/autopatrol_interfaces/srv/detail/speach_text__type_support.cpp
[3.021s] -- Up-to-date: /home/fishros/chapt7/chapt7_ws/src/install/autopatrol_interfaces/lib/libautopatrol_interfaces__rosidl_typesupport_introspection_cpp.so
[3.023s] -- Up-to-date: /home/fishros/chapt7/chapt7_ws/src/install/autopatrol_interfaces/lib/libautopatrol_interfaces__rosidl_typesupport_cpp.so
[3.023s] -- Up-to-date: /home/fishros/chapt7/chapt7_ws/src/install/autopatrol_interfaces/share/autopatrol_interfaces/environment/pythonpath.sh
[3.023s] -- Up-to-date: /home/fishros/chapt7/chapt7_ws/src/install/autopatrol_interfaces/share/autopatrol_interfaces/environment/pythonpath.dsv
[3.024s] -- Up-to-date: /home/fishros/chapt7/chapt7_ws/src/install/autopatrol_interfaces/local/lib/python3.10/dist-packages/autopatrol_interfaces-0.0.0-py3.10.egg-info
[3.024s] -- Installing: /home/fishros/chapt7/chapt7_ws/src/install/autopatrol_interfaces/local/lib/python3.10/dist-packages/autopatrol_interfaces-0.0.0-py3.10.egg-info/top_level.txt
[3.024s] -- Installing: /home/fishros/chapt7/chapt7_ws/src/install/autopatrol_interfaces/local/lib/python3.10/dist-packages/autopatrol_interfaces-0.0.0-py3.10.egg-info/dependency_links.txt
[3.027s] -- Installing: /home/fishros/chapt7/chapt7_ws/src/install/autopatrol_interfaces/local/lib/python3.10/dist-packages/autopatrol_interfaces-0.0.0-py3.10.egg-info/PKG-INFO
[3.027s] -- Installing: /home/fishros/chapt7/chapt7_ws/src/install/autopatrol_interfaces/local/lib/python3.10/dist-packages/autopatrol_interfaces-0.0.0-py3.10.egg-info/SOURCES.txt
[3.032s] -- Up-to-date: /home/fishros/chapt7/chapt7_ws/src/install/autopatrol_interfaces/local/lib/python3.10/dist-packages/autopatrol_interfaces
[3.032s] -- Up-to-date: /home/fishros/chapt7/chapt7_ws/src/install/autopatrol_interfaces/local/lib/python3.10/dist-packages/autopatrol_interfaces/_autopatrol_interfaces_s.ep.rosidl_typesupport_fastrtps_c.c
[3.032s] -- Up-to-date: /home/fishros/chapt7/chapt7_ws/src/install/autopatrol_interfaces/local/lib/python3.10/dist-packages/autopatrol_interfaces/_autopatrol_interfaces_s.ep.rosidl_typesupport_c.c
[3.032s] -- Up-to-date: /home/fishros/chapt7/chapt7_ws/src/install/autopatrol_interfaces/local/lib/python3.10/dist-packages/autopatrol_interfaces/autopatrol_interfaces_s__rosidl_typesupport_c.cpython-310-x86_64-linux-gnu.so
[3.032s] -- Up-to-date: /home/fishros/chapt7/chapt7_ws/src/install/autopatrol_interfaces/local/lib/python3.10/dist-packages/autopatrol_interfaces/autopatrol_interfaces_s__rosidl_typesupport_introspection_c.cpython-310-x86_64-linux-gnu.so
[3.038s] -- Up-to-date: /home/fishros/chapt7/chapt7_ws/src/install/autopatrol_interfaces/local/lib/python3.10/dist-packages/autopatrol_interfaces/__init__.py
[3.038s] -- Up-to-date: /home/fishros/chapt7/chapt7_ws/src/install/autopatrol_interfaces/local/lib/python3.10/dist-packages/autopatrol_interfaces/libautopatrol_interfaces__rosidl_generator_py.so
[3.039s] -- Up-to-date: /home/fishros/chapt7/chapt7_ws/src/install/autopatrol_interfaces/local/lib/python3.10/dist-packages/autopatrol_interfaces/autopatrol_interfaces_s__rosidl_typesupport_fastrtps_c.cpython-310-x86_64-linux-gnu.so
[3.039s] -- Up-to-date: /home/fishros/chapt7/chapt7_ws/src/install/autopatrol_interfaces/local/lib/python3.10/dist-packages/autopatrol_interfaces/srv
[3.039s] -- Up-to-date: /home/fishros/chapt7/chapt7_ws/src/install/autopatrol_interfaces/local/lib/python3.10/dist-packages/autopatrol_interfaces/srv/__init__.py
[3.039s] -- Up-to-date: /home/fishros/chapt7/chapt7_ws/src/install/autopatrol_interfaces/local/lib/python3.10/dist-packages/autopatrol_interfaces/srv/_speach_text.py
[3.039s] -- Up-to-date: /home/fishros/chapt7/chapt7_ws/src/install/autopatrol_interfaces/local/lib/python3.10/dist-packages/autopatrol_interfaces/srv/_speach_text_s.c
[3.040s] -- Up-to-date: /home/fishros/chapt7/chapt7_ws/src/install/autopatrol_interfaces/local/lib/python3.10/dist-packages/autopatrol_interfaces/_autopatrol_interfaces_s.ep.rosidl_typesupport_introspection_c.c
[3.174s] Listing '/home/fishros/chapt7/chapt7_ws/src/install/autopatrol_interfaces/local/lib/python3.10/dist-packages/autopatrol_interfaces'...
[3.174s] Listing '/home/fishros/chapt7/chapt7_ws/src/install/autopatrol_interfaces/local/lib/python3.10/dist-packages/autopatrol_interfaces/srv'...
[3.203s] -- Up-to-date: /home/fishros/chapt7/chapt7_ws/src/install/autopatrol_interfaces/local/lib/python3.10/dist-packages/autopatrol_interfaces/autopatrol_interfaces_s__rosidl_typesupport_fastrtps_c.cpython-310-x86_64-linux-gnu.so
[3.205s] -- Up-to-date: /home/fishros/chapt7/chapt7_ws/src/install/autopatrol_interfaces/local/lib/python3.10/dist-packages/autopatrol_interfaces/autopatrol_interfaces_s__rosidl_typesupport_introspection_c.cpython-310-x86_64-linux-gnu.so
[3.208s] -- Up-to-date: /home/fishros/chapt7/chapt7_ws/src/install/autopatrol_interfaces/local/lib/python3.10/dist-packages/autopatrol_interfaces/autopatrol_interfaces_s__rosidl_typesupport_c.cpython-310-x86_64-linux-gnu.so
[3.210s] -- Up-to-date: /home/fishros/chapt7/chapt7_ws/src/install/autopatrol_interfaces/lib/libautopatrol_interfaces__rosidl_generator_py.so
[3.214s] -- Up-to-date: /home/fishros/chapt7/chapt7_ws/src/install/autopatrol_interfaces/share/autopatrol_interfaces/srv/SpeachText.idl
[3.214s] -- Up-to-date: /home/fishros/chapt7/chapt7_ws/src/install/autopatrol_interfaces/share/autopatrol_interfaces/srv/SpeachText.srv
[3.216s] -- Up-to-date: /home/fishros/chapt7/chapt7_ws/src/install/autopatrol_interfaces/share/autopatrol_interfaces/srv/SpeachText_Request.msg
[3.216s] -- Up-to-date: /home/fishros/chapt7/chapt7_ws/src/install/autopatrol_interfaces/share/autopatrol_interfaces/srv/SpeachText_Response.msg
[3.217s] -- Up-to-date: /home/fishros/chapt7/chapt7_ws/src/install/autopatrol_interfaces/share/ament_index/resource_index/package_run_dependencies/autopatrol_interfaces
[3.217s] -- Up-to-date: /home/fishros/chapt7/chapt7_ws/src/install/autopatrol_interfaces/share/ament_index/resource_index/parent_prefix_path/autopatrol_interfaces
[3.217s] -- Up-to-date: /home/fishros/chapt7/chapt7_ws/src/install/autopatrol_interfaces/share/autopatrol_interfaces/environment/ament_prefix_path.sh
[3.219s] -- Up-to-date: /home/fishros/chapt7/chapt7_ws/src/install/autopatrol_interfaces/share/autopatrol_interfaces/environment/ament_prefix_path.dsv
[3.220s] -- Up-to-date: /home/fishros/chapt7/chapt7_ws/src/install/autopatrol_interfaces/share/autopatrol_interfaces/environment/path.sh
[3.220s] -- Up-to-date: /home/fishros/chapt7/chapt7_ws/src/install/autopatrol_interfaces/share/autopatrol_interfaces/environment/path.dsv
[3.222s] -- Up-to-date: /home/fishros/chapt7/chapt7_ws/src/install/autopatrol_interfaces/share/autopatrol_interfaces/local_setup.bash
[3.224s] -- Up-to-date: /home/fishros/chapt7/chapt7_ws/src/install/autopatrol_interfaces/share/autopatrol_interfaces/local_setup.sh
[3.224s] -- Up-to-date: /home/fishros/chapt7/chapt7_ws/src/install/autopatrol_interfaces/share/autopatrol_interfaces/local_setup.zsh
[3.224s] -- Up-to-date: /home/fishros/chapt7/chapt7_ws/src/install/autopatrol_interfaces/share/autopatrol_interfaces/local_setup.dsv
[3.224s] -- Installing: /home/fishros/chapt7/chapt7_ws/src/install/autopatrol_interfaces/share/autopatrol_interfaces/package.dsv
[3.224s] -- Up-to-date: /home/fishros/chapt7/chapt7_ws/src/install/autopatrol_interfaces/share/ament_index/resource_index/packages/autopatrol_interfaces
[3.224s] -- Up-to-date: /home/fishros/chapt7/chapt7_ws/src/install/autopatrol_interfaces/share/autopatrol_interfaces/cmake/export_autopatrol_interfaces__rosidl_generator_cExport.cmake
[3.229s] -- Up-to-date: /home/fishros/chapt7/chapt7_ws/src/install/autopatrol_interfaces/share/autopatrol_interfaces/cmake/export_autopatrol_interfaces__rosidl_generator_cExport-noconfig.cmake
[3.230s] -- Up-to-date: /home/fishros/chapt7/chapt7_ws/src/install/autopatrol_interfaces/share/autopatrol_interfaces/cmake/export_autopatrol_interfaces__rosidl_typesupport_fastrtps_cExport.cmake
[3.230s] -- Up-to-date: /home/fishros/chapt7/chapt7_ws/src/install/autopatrol_interfaces/share/autopatrol_interfaces/cmake/export_autopatrol_interfaces__rosidl_typesupport_fastrtps_cExport-noconfig.cmake
[3.230s] -- Up-to-date: /home/fishros/chapt7/chapt7_ws/src/install/autopatrol_interfaces/share/autopatrol_interfaces/cmake/autopatrol_interfaces__rosidl_typesupport_introspection_cExport.cmake
[3.231s] -- Up-to-date: /home/fishros/chapt7/chapt7_ws/src/install/autopatrol_interfaces/share/autopatrol_interfaces/cmake/autopatrol_interfaces__rosidl_typesupport_introspection_cExport-noconfig.cmake
[3.231s] -- Up-to-date: /home/fishros/chapt7/chapt7_ws/src/install/autopatrol_interfaces/share/autopatrol_interfaces/cmake/autopatrol_interfaces__rosidl_typesupport_cExport.cmake
[3.234s] -- Up-to-date: /home/fishros/chapt7/chapt7_ws/src/install/autopatrol_interfaces/share/autopatrol_interfaces/cmake/autopatrol_interfaces__rosidl_typesupport_cExport-noconfig.cmake
[3.235s] -- Up-to-date: /home/fishros/chapt7/chapt7_ws/src/install/autopatrol_interfaces/share/autopatrol_interfaces/cmake/export_autopatrol_interfaces__rosidl_generator_cppExport.cmake
[3.235s] -- Up-to-date: /home/fishros/chapt7/chapt7_ws/src/install/autopatrol_interfaces/share/autopatrol_interfaces/cmake/export_autopatrol_interfaces__rosidl_typesupport_fastrtps_cppExport.cmake
[3.235s] -- Up-to-date: /home/fishros/chapt7/chapt7_ws/src/install/autopatrol_interfaces/share/autopatrol_interfaces/cmake/export_autopatrol_interfaces__rosidl_typesupport_fastrtps_cppExport-noconfig.cmake
[3.238s] -- Up-to-date: /home/fishros/chapt7/chapt7_ws/src/install/autopatrol_interfaces/share/autopatrol_interfaces/cmake/autopatrol_interfaces__rosidl_typesupport_introspection_cppExport.cmake
[3.238s] -- Up-to-date: /home/fishros/chapt7/chapt7_ws/src/install/autopatrol_interfaces/share/autopatrol_interfaces/cmake/autopatrol_interfaces__rosidl_typesupport_introspection_cppExport-noconfig.cmake
[3.238s] -- Up-to-date: /home/fishros/chapt7/chapt7_ws/src/install/autopatrol_interfaces/share/autopatrol_interfaces/cmake/autopatrol_interfaces__rosidl_typesupport_cppExport.cmake
[3.239s] -- Up-to-date: /home/fishros/chapt7/chapt7_ws/src/install/autopatrol_interfaces/share/autopatrol_interfaces/cmake/autopatrol_interfaces__rosidl_typesupport_cppExport-noconfig.cmake
[3.239s] -- Up-to-date: /home/fishros/chapt7/chapt7_ws/src/install/autopatrol_interfaces/share/autopatrol_interfaces/cmake/export_autopatrol_interfaces__rosidl_generator_pyExport.cmake
[3.239s] -- Up-to-date: /home/fishros/chapt7/chapt7_ws/src/install/autopatrol_interfaces/share/autopatrol_interfaces/cmake/export_autopatrol_interfaces__rosidl_generator_pyExport-noconfig.cmake
[3.239s] -- Up-to-date: /home/fishros/chapt7/chapt7_ws/src/install/autopatrol_interfaces/share/autopatrol_interfaces/cmake/rosidl_cmake-extras.cmake
[3.242s] -- Up-to-date: /home/fishros/chapt7/chapt7_ws/src/install/autopatrol_interfaces/share/autopatrol_interfaces/cmake/ament_cmake_export_include_directories-extras.cmake
[3.242s] -- Up-to-date: /home/fishros/chapt7/chapt7_ws/src/install/autopatrol_interfaces/share/autopatrol_interfaces/cmake/ament_cmake_export_libraries-extras.cmake
[3.242s] -- Up-to-date: /home/fishros/chapt7/chapt7_ws/src/install/autopatrol_interfaces/share/autopatrol_interfaces/cmake/ament_cmake_export_targets-extras.cmake
[3.242s] -- Up-to-date: /home/fishros/chapt7/chapt7_ws/src/install/autopatrol_interfaces/share/autopatrol_interfaces/cmake/rosidl_cmake_export_typesupport_targets-extras.cmake
[3.243s] -- Up-to-date: /home/fishros/chapt7/chapt7_ws/src/install/autopatrol_interfaces/share/autopatrol_interfaces/cmake/ament_cmake_export_dependencies-extras.cmake
[3.246s] -- Up-to-date: /home/fishros/chapt7/chapt7_ws/src/install/autopatrol_interfaces/share/autopatrol_interfaces/cmake/rosidl_cmake_export_typesupport_libraries-extras.cmake
[3.246s] -- Up-to-date: /home/fishros/chapt7/chapt7_ws/src/install/autopatrol_interfaces/share/autopatrol_interfaces/cmake/autopatrol_interfacesConfig.cmake
[3.246s] -- Up-to-date: /home/fishros/chapt7/chapt7_ws/src/install/autopatrol_interfaces/share/autopatrol_interfaces/cmake/autopatrol_interfacesConfig-version.cmake
[3.246s] -- Up-to-date: /home/fishros/chapt7/chapt7_ws/src/install/autopatrol_interfaces/share/autopatrol_interfaces/package.xml
[3.255s] Invoked command in '/home/fishros/chapt7/chapt7_ws/src/build/autopatrol_interfaces' returned '0': CMAKE_PREFIX_PATH=/opt/ros/humble /usr/bin/cmake --install /home/fishros/chapt7/chapt7_ws/src/build/autopatrol_interfaces
