[0.054s] Invoking command in '/home/fishros/chapt7/chapt7_ws/src/build/autopatrol_interfaces': CMAKE_PREFIX_PATH=/opt/ros/humble /usr/bin/cmake --build /home/fishros/chapt7/chapt7_ws/src/build/autopatrol_interfaces -- -j1 -l1
[0.365s] [  3%] Built target autopatrol_interfaces__cpp
[0.411s] [35m[1mConsolidate compiler generated dependencies of target autopatrol_interfaces__rosidl_typesupport_cpp[0m
[0.500s] [ 12%] Built target autopatrol_interfaces__rosidl_typesupport_cpp
[0.543s] [35m[1mConsolidate compiler generated dependencies of target autopatrol_interfaces__rosidl_generator_c[0m
[0.608s] [ 22%] Built target autopatrol_interfaces__rosidl_generator_c
[0.653s] [35m[1mConsolidate compiler generated dependencies of target autopatrol_interfaces__rosidl_typesupport_fastrtps_c[0m
[0.711s] [ 32%] Built target autopatrol_interfaces__rosidl_typesupport_fastrtps_c
[0.763s] [35m[1mConsolidate compiler generated dependencies of target autopatrol_interfaces__rosidl_typesupport_introspection_c[0m
[0.811s] [ 41%] Built target autopatrol_interfaces__rosidl_typesupport_introspection_c
[0.859s] [35m[1mConsolidate compiler generated dependencies of target autopatrol_interfaces__rosidl_typesupport_c[0m
[0.907s] [ 51%] Built target autopatrol_interfaces__rosidl_typesupport_c
[0.953s] [35m[1mConsolidate compiler generated dependencies of target autopatrol_interfaces__rosidl_typesupport_fastrtps_cpp[0m
[1.007s] [ 61%] Built target autopatrol_interfaces__rosidl_typesupport_fastrtps_cpp
[1.059s] [35m[1mConsolidate compiler generated dependencies of target autopatrol_interfaces__rosidl_typesupport_introspection_cpp[0m
[1.113s] [ 70%] Built target autopatrol_interfaces__rosidl_typesupport_introspection_cpp
[1.205s] [ 70%] Built target autopatrol_interfaces
[1.340s] [ 70%] Built target ament_cmake_python_copy_autopatrol_interfaces
[2.592s] running egg_info
[2.595s] writing autopatrol_interfaces.egg-info/PKG-INFO
[2.597s] writing dependency_links to autopatrol_interfaces.egg-info/dependency_links.txt
[2.599s] writing top-level names to autopatrol_interfaces.egg-info/top_level.txt
[2.614s] reading manifest file 'autopatrol_interfaces.egg-info/SOURCES.txt'
[2.620s] writing manifest file 'autopatrol_interfaces.egg-info/SOURCES.txt'
[2.754s] [ 70%] Built target ament_cmake_python_build_autopatrol_interfaces_egg
[2.837s] [ 74%] Built target autopatrol_interfaces__py
[2.872s] [35m[1mConsolidate compiler generated dependencies of target autopatrol_interfaces__rosidl_generator_py[0m
[2.930s] [ 80%] Built target autopatrol_interfaces__rosidl_generator_py
[2.974s] [35m[1mConsolidate compiler generated dependencies of target autopatrol_interfaces__rosidl_typesupport_fastrtps_c__pyext[0m
[3.019s] [ 87%] Built target autopatrol_interfaces__rosidl_typesupport_fastrtps_c__pyext
[3.066s] [35m[1mConsolidate compiler generated dependencies of target autopatrol_interfaces__rosidl_typesupport_introspection_c__pyext[0m
[3.125s] [ 93%] Built target autopatrol_interfaces__rosidl_typesupport_introspection_c__pyext
[3.171s] [35m[1mConsolidate compiler generated dependencies of target autopatrol_interfaces__rosidl_typesupport_c__pyext[0m
[3.253s] [100%] Built target autopatrol_interfaces__rosidl_typesupport_c__pyext
[3.276s] Invoked command in '/home/fishros/chapt7/chapt7_ws/src/build/autopatrol_interfaces' returned '0': CMAKE_PREFIX_PATH=/opt/ros/humble /usr/bin/cmake --build /home/fishros/chapt7/chapt7_ws/src/build/autopatrol_interfaces -- -j1 -l1
[3.311s] Invoking command in '/home/fishros/chapt7/chapt7_ws/src/build/autopatrol_interfaces': CMAKE_PREFIX_PATH=/opt/ros/humble /usr/bin/cmake --install /home/fishros/chapt7/chapt7_ws/src/build/autopatrol_interfaces
[3.347s] -- Install configuration: ""
[3.349s] -- Up-to-date: /home/fishros/chapt7/chapt7_ws/src/install/autopatrol_interfaces/share/ament_index/resource_index/rosidl_interfaces/autopatrol_interfaces
[3.355s] -- Up-to-date: /home/fishros/chapt7/chapt7_ws/src/install/autopatrol_interfaces/include/autopatrol_interfaces/autopatrol_interfaces
[3.355s] -- Up-to-date: /home/fishros/chapt7/chapt7_ws/src/install/autopatrol_interfaces/include/autopatrol_interfaces/autopatrol_interfaces/srv
[3.355s] -- Up-to-date: /home/fishros/chapt7/chapt7_ws/src/install/autopatrol_interfaces/include/autopatrol_interfaces/autopatrol_interfaces/srv/speach_text.h
[3.355s] -- Up-to-date: /home/fishros/chapt7/chapt7_ws/src/install/autopatrol_interfaces/include/autopatrol_interfaces/autopatrol_interfaces/srv/detail
[3.355s] -- Up-to-date: /home/fishros/chapt7/chapt7_ws/src/install/autopatrol_interfaces/include/autopatrol_interfaces/autopatrol_interfaces/srv/detail/speach_text__functions.c
[3.355s] -- Up-to-date: /home/fishros/chapt7/chapt7_ws/src/install/autopatrol_interfaces/include/autopatrol_interfaces/autopatrol_interfaces/srv/detail/speach_text__type_support.h
[3.355s] -- Up-to-date: /home/fishros/chapt7/chapt7_ws/src/install/autopatrol_interfaces/include/autopatrol_interfaces/autopatrol_interfaces/srv/detail/speach_text__functions.h
[3.355s] -- Up-to-date: /home/fishros/chapt7/chapt7_ws/src/install/autopatrol_interfaces/include/autopatrol_interfaces/autopatrol_interfaces/srv/detail/speach_text__struct.h
[3.357s] -- Up-to-date: /home/fishros/chapt7/chapt7_ws/src/install/autopatrol_interfaces/include/autopatrol_interfaces/autopatrol_interfaces/msg
[3.357s] -- Up-to-date: /home/fishros/chapt7/chapt7_ws/src/install/autopatrol_interfaces/include/autopatrol_interfaces/autopatrol_interfaces/msg/rosidl_generator_c__visibility_control.h
[3.357s] -- Up-to-date: /home/fishros/chapt7/chapt7_ws/src/install/autopatrol_interfaces/share/autopatrol_interfaces/environment/library_path.sh
[3.357s] -- Up-to-date: /home/fishros/chapt7/chapt7_ws/src/install/autopatrol_interfaces/share/autopatrol_interfaces/environment/library_path.dsv
[3.360s] -- Up-to-date: /home/fishros/chapt7/chapt7_ws/src/install/autopatrol_interfaces/lib/libautopatrol_interfaces__rosidl_generator_c.so
[3.373s] -- Up-to-date: /home/fishros/chapt7/chapt7_ws/src/install/autopatrol_interfaces/include/autopatrol_interfaces/autopatrol_interfaces
[3.373s] -- Up-to-date: /home/fishros/chapt7/chapt7_ws/src/install/autopatrol_interfaces/include/autopatrol_interfaces/autopatrol_interfaces/srv
[3.373s] -- Up-to-date: /home/fishros/chapt7/chapt7_ws/src/install/autopatrol_interfaces/include/autopatrol_interfaces/autopatrol_interfaces/srv/detail
[3.373s] -- Up-to-date: /home/fishros/chapt7/chapt7_ws/src/install/autopatrol_interfaces/include/autopatrol_interfaces/autopatrol_interfaces/srv/detail/speach_text__rosidl_typesupport_fastrtps_c.h
[3.373s] -- Up-to-date: /home/fishros/chapt7/chapt7_ws/src/install/autopatrol_interfaces/include/autopatrol_interfaces/autopatrol_interfaces/msg
[3.374s] -- Up-to-date: /home/fishros/chapt7/chapt7_ws/src/install/autopatrol_interfaces/include/autopatrol_interfaces/autopatrol_interfaces/msg/rosidl_typesupport_fastrtps_c__visibility_control.h
[3.376s] -- Up-to-date: /home/fishros/chapt7/chapt7_ws/src/install/autopatrol_interfaces/lib/libautopatrol_interfaces__rosidl_typesupport_fastrtps_c.so
[3.377s] -- Up-to-date: /home/fishros/chapt7/chapt7_ws/src/install/autopatrol_interfaces/include/autopatrol_interfaces/autopatrol_interfaces
[3.377s] -- Up-to-date: /home/fishros/chapt7/chapt7_ws/src/install/autopatrol_interfaces/include/autopatrol_interfaces/autopatrol_interfaces/srv
[3.378s] -- Up-to-date: /home/fishros/chapt7/chapt7_ws/src/install/autopatrol_interfaces/include/autopatrol_interfaces/autopatrol_interfaces/srv/detail
[3.378s] -- Up-to-date: /home/fishros/chapt7/chapt7_ws/src/install/autopatrol_interfaces/include/autopatrol_interfaces/autopatrol_interfaces/srv/detail/speach_text__rosidl_typesupport_introspection_c.h
[3.378s] -- Up-to-date: /home/fishros/chapt7/chapt7_ws/src/install/autopatrol_interfaces/include/autopatrol_interfaces/autopatrol_interfaces/srv/detail/speach_text__type_support.c
[3.378s] -- Up-to-date: /home/fishros/chapt7/chapt7_ws/src/install/autopatrol_interfaces/include/autopatrol_interfaces/autopatrol_interfaces/msg
[3.378s] -- Up-to-date: /home/fishros/chapt7/chapt7_ws/src/install/autopatrol_interfaces/include/autopatrol_interfaces/autopatrol_interfaces/msg/rosidl_typesupport_introspection_c__visibility_control.h
[3.378s] -- Up-to-date: /home/fishros/chapt7/chapt7_ws/src/install/autopatrol_interfaces/lib/libautopatrol_interfaces__rosidl_typesupport_introspection_c.so
[3.381s] -- Up-to-date: /home/fishros/chapt7/chapt7_ws/src/install/autopatrol_interfaces/lib/libautopatrol_interfaces__rosidl_typesupport_c.so
[3.387s] -- Up-to-date: /home/fishros/chapt7/chapt7_ws/src/install/autopatrol_interfaces/include/autopatrol_interfaces/autopatrol_interfaces
[3.389s] -- Up-to-date: /home/fishros/chapt7/chapt7_ws/src/install/autopatrol_interfaces/include/autopatrol_interfaces/autopatrol_interfaces/srv
[3.391s] -- Up-to-date: /home/fishros/chapt7/chapt7_ws/src/install/autopatrol_interfaces/include/autopatrol_interfaces/autopatrol_interfaces/srv/speach_text.hpp
[3.391s] -- Up-to-date: /home/fishros/chapt7/chapt7_ws/src/install/autopatrol_interfaces/include/autopatrol_interfaces/autopatrol_interfaces/srv/detail
[3.391s] -- Up-to-date: /home/fishros/chapt7/chapt7_ws/src/install/autopatrol_interfaces/include/autopatrol_interfaces/autopatrol_interfaces/srv/detail/speach_text__builder.hpp
[3.391s] -- Up-to-date: /home/fishros/chapt7/chapt7_ws/src/install/autopatrol_interfaces/include/autopatrol_interfaces/autopatrol_interfaces/srv/detail/speach_text__traits.hpp
[3.392s] -- Up-to-date: /home/fishros/chapt7/chapt7_ws/src/install/autopatrol_interfaces/include/autopatrol_interfaces/autopatrol_interfaces/srv/detail/speach_text__struct.hpp
[3.397s] -- Up-to-date: /home/fishros/chapt7/chapt7_ws/src/install/autopatrol_interfaces/include/autopatrol_interfaces/autopatrol_interfaces/srv/detail/speach_text__type_support.hpp
[3.400s] -- Up-to-date: /home/fishros/chapt7/chapt7_ws/src/install/autopatrol_interfaces/include/autopatrol_interfaces/autopatrol_interfaces/msg
[3.400s] -- Up-to-date: /home/fishros/chapt7/chapt7_ws/src/install/autopatrol_interfaces/include/autopatrol_interfaces/autopatrol_interfaces/msg/rosidl_generator_cpp__visibility_control.hpp
[3.400s] -- Up-to-date: /home/fishros/chapt7/chapt7_ws/src/install/autopatrol_interfaces/include/autopatrol_interfaces/autopatrol_interfaces
[3.400s] -- Up-to-date: /home/fishros/chapt7/chapt7_ws/src/install/autopatrol_interfaces/include/autopatrol_interfaces/autopatrol_interfaces/srv
[3.403s] -- Up-to-date: /home/fishros/chapt7/chapt7_ws/src/install/autopatrol_interfaces/include/autopatrol_interfaces/autopatrol_interfaces/srv/detail
[3.403s] -- Up-to-date: /home/fishros/chapt7/chapt7_ws/src/install/autopatrol_interfaces/include/autopatrol_interfaces/autopatrol_interfaces/srv/detail/dds_fastrtps
[3.407s] -- Up-to-date: /home/fishros/chapt7/chapt7_ws/src/install/autopatrol_interfaces/include/autopatrol_interfaces/autopatrol_interfaces/srv/detail/speach_text__rosidl_typesupport_fastrtps_cpp.hpp
[3.407s] -- Up-to-date: /home/fishros/chapt7/chapt7_ws/src/install/autopatrol_interfaces/include/autopatrol_interfaces/autopatrol_interfaces/msg
[3.409s] -- Up-to-date: /home/fishros/chapt7/chapt7_ws/src/install/autopatrol_interfaces/include/autopatrol_interfaces/autopatrol_interfaces/msg/rosidl_typesupport_fastrtps_cpp__visibility_control.h
[3.409s] -- Up-to-date: /home/fishros/chapt7/chapt7_ws/src/install/autopatrol_interfaces/lib/libautopatrol_interfaces__rosidl_typesupport_fastrtps_cpp.so
[3.410s] -- Up-to-date: /home/fishros/chapt7/chapt7_ws/src/install/autopatrol_interfaces/include/autopatrol_interfaces/autopatrol_interfaces
[3.410s] -- Up-to-date: /home/fishros/chapt7/chapt7_ws/src/install/autopatrol_interfaces/include/autopatrol_interfaces/autopatrol_interfaces/srv
[3.412s] -- Up-to-date: /home/fishros/chapt7/chapt7_ws/src/install/autopatrol_interfaces/include/autopatrol_interfaces/autopatrol_interfaces/srv/detail
[3.412s] -- Up-to-date: /home/fishros/chapt7/chapt7_ws/src/install/autopatrol_interfaces/include/autopatrol_interfaces/autopatrol_interfaces/srv/detail/speach_text__rosidl_typesupport_introspection_cpp.hpp
[3.413s] -- Up-to-date: /home/fishros/chapt7/chapt7_ws/src/install/autopatrol_interfaces/include/autopatrol_interfaces/autopatrol_interfaces/srv/detail/speach_text__type_support.cpp
[3.413s] -- Up-to-date: /home/fishros/chapt7/chapt7_ws/src/install/autopatrol_interfaces/lib/libautopatrol_interfaces__rosidl_typesupport_introspection_cpp.so
[3.413s] -- Up-to-date: /home/fishros/chapt7/chapt7_ws/src/install/autopatrol_interfaces/lib/libautopatrol_interfaces__rosidl_typesupport_cpp.so
[3.413s] -- Up-to-date: /home/fishros/chapt7/chapt7_ws/src/install/autopatrol_interfaces/share/autopatrol_interfaces/environment/pythonpath.sh
[3.416s] -- Up-to-date: /home/fishros/chapt7/chapt7_ws/src/install/autopatrol_interfaces/share/autopatrol_interfaces/environment/pythonpath.dsv
[3.416s] -- Up-to-date: /home/fishros/chapt7/chapt7_ws/src/install/autopatrol_interfaces/local/lib/python3.10/dist-packages/autopatrol_interfaces-0.0.0-py3.10.egg-info
[3.418s] -- Installing: /home/fishros/chapt7/chapt7_ws/src/install/autopatrol_interfaces/local/lib/python3.10/dist-packages/autopatrol_interfaces-0.0.0-py3.10.egg-info/top_level.txt
[3.418s] -- Installing: /home/fishros/chapt7/chapt7_ws/src/install/autopatrol_interfaces/local/lib/python3.10/dist-packages/autopatrol_interfaces-0.0.0-py3.10.egg-info/dependency_links.txt
[3.418s] -- Installing: /home/fishros/chapt7/chapt7_ws/src/install/autopatrol_interfaces/local/lib/python3.10/dist-packages/autopatrol_interfaces-0.0.0-py3.10.egg-info/PKG-INFO
[3.420s] -- Installing: /home/fishros/chapt7/chapt7_ws/src/install/autopatrol_interfaces/local/lib/python3.10/dist-packages/autopatrol_interfaces-0.0.0-py3.10.egg-info/SOURCES.txt
[3.420s] -- Up-to-date: /home/fishros/chapt7/chapt7_ws/src/install/autopatrol_interfaces/local/lib/python3.10/dist-packages/autopatrol_interfaces
[3.422s] -- Up-to-date: /home/fishros/chapt7/chapt7_ws/src/install/autopatrol_interfaces/local/lib/python3.10/dist-packages/autopatrol_interfaces/_autopatrol_interfaces_s.ep.rosidl_typesupport_fastrtps_c.c
[3.422s] -- Up-to-date: /home/fishros/chapt7/chapt7_ws/src/install/autopatrol_interfaces/local/lib/python3.10/dist-packages/autopatrol_interfaces/_autopatrol_interfaces_s.ep.rosidl_typesupport_c.c
[3.422s] -- Up-to-date: /home/fishros/chapt7/chapt7_ws/src/install/autopatrol_interfaces/local/lib/python3.10/dist-packages/autopatrol_interfaces/autopatrol_interfaces_s__rosidl_typesupport_c.cpython-310-x86_64-linux-gnu.so
[3.424s] -- Up-to-date: /home/fishros/chapt7/chapt7_ws/src/install/autopatrol_interfaces/local/lib/python3.10/dist-packages/autopatrol_interfaces/autopatrol_interfaces_s__rosidl_typesupport_introspection_c.cpython-310-x86_64-linux-gnu.so
[3.426s] -- Up-to-date: /home/fishros/chapt7/chapt7_ws/src/install/autopatrol_interfaces/local/lib/python3.10/dist-packages/autopatrol_interfaces/__init__.py
[3.426s] -- Up-to-date: /home/fishros/chapt7/chapt7_ws/src/install/autopatrol_interfaces/local/lib/python3.10/dist-packages/autopatrol_interfaces/libautopatrol_interfaces__rosidl_generator_py.so
[3.426s] -- Up-to-date: /home/fishros/chapt7/chapt7_ws/src/install/autopatrol_interfaces/local/lib/python3.10/dist-packages/autopatrol_interfaces/autopatrol_interfaces_s__rosidl_typesupport_fastrtps_c.cpython-310-x86_64-linux-gnu.so
[3.426s] -- Up-to-date: /home/fishros/chapt7/chapt7_ws/src/install/autopatrol_interfaces/local/lib/python3.10/dist-packages/autopatrol_interfaces/srv
[3.430s] -- Up-to-date: /home/fishros/chapt7/chapt7_ws/src/install/autopatrol_interfaces/local/lib/python3.10/dist-packages/autopatrol_interfaces/srv/__init__.py
[3.430s] -- Up-to-date: /home/fishros/chapt7/chapt7_ws/src/install/autopatrol_interfaces/local/lib/python3.10/dist-packages/autopatrol_interfaces/srv/_speach_text.py
[3.430s] -- Up-to-date: /home/fishros/chapt7/chapt7_ws/src/install/autopatrol_interfaces/local/lib/python3.10/dist-packages/autopatrol_interfaces/srv/_speach_text_s.c
[3.431s] -- Up-to-date: /home/fishros/chapt7/chapt7_ws/src/install/autopatrol_interfaces/local/lib/python3.10/dist-packages/autopatrol_interfaces/_autopatrol_interfaces_s.ep.rosidl_typesupport_introspection_c.c
[3.593s] Listing '/home/fishros/chapt7/chapt7_ws/src/install/autopatrol_interfaces/local/lib/python3.10/dist-packages/autopatrol_interfaces'...
[3.593s] Listing '/home/fishros/chapt7/chapt7_ws/src/install/autopatrol_interfaces/local/lib/python3.10/dist-packages/autopatrol_interfaces/srv'...
[3.618s] -- Up-to-date: /home/fishros/chapt7/chapt7_ws/src/install/autopatrol_interfaces/local/lib/python3.10/dist-packages/autopatrol_interfaces/autopatrol_interfaces_s__rosidl_typesupport_fastrtps_c.cpython-310-x86_64-linux-gnu.so
[3.621s] -- Up-to-date: /home/fishros/chapt7/chapt7_ws/src/install/autopatrol_interfaces/local/lib/python3.10/dist-packages/autopatrol_interfaces/autopatrol_interfaces_s__rosidl_typesupport_introspection_c.cpython-310-x86_64-linux-gnu.so
[3.623s] -- Up-to-date: /home/fishros/chapt7/chapt7_ws/src/install/autopatrol_interfaces/local/lib/python3.10/dist-packages/autopatrol_interfaces/autopatrol_interfaces_s__rosidl_typesupport_c.cpython-310-x86_64-linux-gnu.so
[3.627s] -- Up-to-date: /home/fishros/chapt7/chapt7_ws/src/install/autopatrol_interfaces/lib/libautopatrol_interfaces__rosidl_generator_py.so
[3.629s] -- Up-to-date: /home/fishros/chapt7/chapt7_ws/src/install/autopatrol_interfaces/share/autopatrol_interfaces/srv/SpeachText.idl
[3.629s] -- Up-to-date: /home/fishros/chapt7/chapt7_ws/src/install/autopatrol_interfaces/share/autopatrol_interfaces/srv/SpeachText.srv
[3.630s] -- Up-to-date: /home/fishros/chapt7/chapt7_ws/src/install/autopatrol_interfaces/share/autopatrol_interfaces/srv/SpeachText_Request.msg
[3.632s] -- Up-to-date: /home/fishros/chapt7/chapt7_ws/src/install/autopatrol_interfaces/share/autopatrol_interfaces/srv/SpeachText_Response.msg
[3.632s] -- Up-to-date: /home/fishros/chapt7/chapt7_ws/src/install/autopatrol_interfaces/share/ament_index/resource_index/package_run_dependencies/autopatrol_interfaces
[3.633s] -- Up-to-date: /home/fishros/chapt7/chapt7_ws/src/install/autopatrol_interfaces/share/ament_index/resource_index/parent_prefix_path/autopatrol_interfaces
[3.634s] -- Up-to-date: /home/fishros/chapt7/chapt7_ws/src/install/autopatrol_interfaces/share/autopatrol_interfaces/environment/ament_prefix_path.sh
[3.635s] -- Up-to-date: /home/fishros/chapt7/chapt7_ws/src/install/autopatrol_interfaces/share/autopatrol_interfaces/environment/ament_prefix_path.dsv
[3.635s] -- Up-to-date: /home/fishros/chapt7/chapt7_ws/src/install/autopatrol_interfaces/share/autopatrol_interfaces/environment/path.sh
[3.637s] -- Up-to-date: /home/fishros/chapt7/chapt7_ws/src/install/autopatrol_interfaces/share/autopatrol_interfaces/environment/path.dsv
[3.637s] -- Up-to-date: /home/fishros/chapt7/chapt7_ws/src/install/autopatrol_interfaces/share/autopatrol_interfaces/local_setup.bash
[3.637s] -- Up-to-date: /home/fishros/chapt7/chapt7_ws/src/install/autopatrol_interfaces/share/autopatrol_interfaces/local_setup.sh
[3.639s] -- Up-to-date: /home/fishros/chapt7/chapt7_ws/src/install/autopatrol_interfaces/share/autopatrol_interfaces/local_setup.zsh
[3.639s] -- Up-to-date: /home/fishros/chapt7/chapt7_ws/src/install/autopatrol_interfaces/share/autopatrol_interfaces/local_setup.dsv
[3.639s] -- Installing: /home/fishros/chapt7/chapt7_ws/src/install/autopatrol_interfaces/share/autopatrol_interfaces/package.dsv
[3.642s] -- Up-to-date: /home/fishros/chapt7/chapt7_ws/src/install/autopatrol_interfaces/share/ament_index/resource_index/packages/autopatrol_interfaces
[3.644s] -- Up-to-date: /home/fishros/chapt7/chapt7_ws/src/install/autopatrol_interfaces/share/autopatrol_interfaces/cmake/export_autopatrol_interfaces__rosidl_generator_cExport.cmake
[3.645s] -- Up-to-date: /home/fishros/chapt7/chapt7_ws/src/install/autopatrol_interfaces/share/autopatrol_interfaces/cmake/export_autopatrol_interfaces__rosidl_generator_cExport-noconfig.cmake
[3.647s] -- Up-to-date: /home/fishros/chapt7/chapt7_ws/src/install/autopatrol_interfaces/share/autopatrol_interfaces/cmake/export_autopatrol_interfaces__rosidl_typesupport_fastrtps_cExport.cmake
[3.650s] -- Up-to-date: /home/fishros/chapt7/chapt7_ws/src/install/autopatrol_interfaces/share/autopatrol_interfaces/cmake/export_autopatrol_interfaces__rosidl_typesupport_fastrtps_cExport-noconfig.cmake
[3.652s] -- Up-to-date: /home/fishros/chapt7/chapt7_ws/src/install/autopatrol_interfaces/share/autopatrol_interfaces/cmake/autopatrol_interfaces__rosidl_typesupport_introspection_cExport.cmake
[3.652s] -- Up-to-date: /home/fishros/chapt7/chapt7_ws/src/install/autopatrol_interfaces/share/autopatrol_interfaces/cmake/autopatrol_interfaces__rosidl_typesupport_introspection_cExport-noconfig.cmake
[3.656s] -- Up-to-date: /home/fishros/chapt7/chapt7_ws/src/install/autopatrol_interfaces/share/autopatrol_interfaces/cmake/autopatrol_interfaces__rosidl_typesupport_cExport.cmake
[3.657s] -- Up-to-date: /home/fishros/chapt7/chapt7_ws/src/install/autopatrol_interfaces/share/autopatrol_interfaces/cmake/autopatrol_interfaces__rosidl_typesupport_cExport-noconfig.cmake
[3.659s] -- Up-to-date: /home/fishros/chapt7/chapt7_ws/src/install/autopatrol_interfaces/share/autopatrol_interfaces/cmake/export_autopatrol_interfaces__rosidl_generator_cppExport.cmake
[3.663s] -- Up-to-date: /home/fishros/chapt7/chapt7_ws/src/install/autopatrol_interfaces/share/autopatrol_interfaces/cmake/export_autopatrol_interfaces__rosidl_typesupport_fastrtps_cppExport.cmake
[3.663s] -- Up-to-date: /home/fishros/chapt7/chapt7_ws/src/install/autopatrol_interfaces/share/autopatrol_interfaces/cmake/export_autopatrol_interfaces__rosidl_typesupport_fastrtps_cppExport-noconfig.cmake
[3.665s] -- Up-to-date: /home/fishros/chapt7/chapt7_ws/src/install/autopatrol_interfaces/share/autopatrol_interfaces/cmake/autopatrol_interfaces__rosidl_typesupport_introspection_cppExport.cmake
[3.665s] -- Up-to-date: /home/fishros/chapt7/chapt7_ws/src/install/autopatrol_interfaces/share/autopatrol_interfaces/cmake/autopatrol_interfaces__rosidl_typesupport_introspection_cppExport-noconfig.cmake
[3.667s] -- Up-to-date: /home/fishros/chapt7/chapt7_ws/src/install/autopatrol_interfaces/share/autopatrol_interfaces/cmake/autopatrol_interfaces__rosidl_typesupport_cppExport.cmake
[3.669s] -- Up-to-date: /home/fishros/chapt7/chapt7_ws/src/install/autopatrol_interfaces/share/autopatrol_interfaces/cmake/autopatrol_interfaces__rosidl_typesupport_cppExport-noconfig.cmake
[3.674s] -- Up-to-date: /home/fishros/chapt7/chapt7_ws/src/install/autopatrol_interfaces/share/autopatrol_interfaces/cmake/export_autopatrol_interfaces__rosidl_generator_pyExport.cmake
[3.675s] -- Up-to-date: /home/fishros/chapt7/chapt7_ws/src/install/autopatrol_interfaces/share/autopatrol_interfaces/cmake/export_autopatrol_interfaces__rosidl_generator_pyExport-noconfig.cmake
[3.677s] -- Up-to-date: /home/fishros/chapt7/chapt7_ws/src/install/autopatrol_interfaces/share/autopatrol_interfaces/cmake/rosidl_cmake-extras.cmake
[3.677s] -- Up-to-date: /home/fishros/chapt7/chapt7_ws/src/install/autopatrol_interfaces/share/autopatrol_interfaces/cmake/ament_cmake_export_include_directories-extras.cmake
[3.677s] -- Up-to-date: /home/fishros/chapt7/chapt7_ws/src/install/autopatrol_interfaces/share/autopatrol_interfaces/cmake/ament_cmake_export_libraries-extras.cmake
[3.677s] -- Up-to-date: /home/fishros/chapt7/chapt7_ws/src/install/autopatrol_interfaces/share/autopatrol_interfaces/cmake/ament_cmake_export_targets-extras.cmake
[3.678s] -- Up-to-date: /home/fishros/chapt7/chapt7_ws/src/install/autopatrol_interfaces/share/autopatrol_interfaces/cmake/rosidl_cmake_export_typesupport_targets-extras.cmake
[3.678s] -- Up-to-date: /home/fishros/chapt7/chapt7_ws/src/install/autopatrol_interfaces/share/autopatrol_interfaces/cmake/ament_cmake_export_dependencies-extras.cmake
[3.680s] -- Up-to-date: /home/fishros/chapt7/chapt7_ws/src/install/autopatrol_interfaces/share/autopatrol_interfaces/cmake/rosidl_cmake_export_typesupport_libraries-extras.cmake
[3.681s] -- Up-to-date: /home/fishros/chapt7/chapt7_ws/src/install/autopatrol_interfaces/share/autopatrol_interfaces/cmake/autopatrol_interfacesConfig.cmake
[3.681s] -- Up-to-date: /home/fishros/chapt7/chapt7_ws/src/install/autopatrol_interfaces/share/autopatrol_interfaces/cmake/autopatrol_interfacesConfig-version.cmake
[3.681s] -- Up-to-date: /home/fishros/chapt7/chapt7_ws/src/install/autopatrol_interfaces/share/autopatrol_interfaces/package.xml
[3.691s] Invoked command in '/home/fishros/chapt7/chapt7_ws/src/build/autopatrol_interfaces' returned '0': CMAKE_PREFIX_PATH=/opt/ros/humble /usr/bin/cmake --install /home/fishros/chapt7/chapt7_ws/src/build/autopatrol_interfaces
